mode: set
quebrada_api/internal/config/config.go:40.47,43.40 2 1
quebrada_api/internal/config/config.go:43.40,45.3 1 0
quebrada_api/internal/config/config.go:47.2,49.18 2 1
quebrada_api/internal/config/config.go:52.35,55.2 1 1
quebrada_api/internal/config/config.go:57.30,72.2 6 1
quebrada_api/resources/resource_manager.go:22.28,23.22 1 1
quebrada_api/resources/resource_manager.go:23.22,25.3 1 1
quebrada_api/resources/resource_manager.go:26.2,27.16 2 1
quebrada_api/resources/resource_manager.go:27.16,29.3 1 0
quebrada_api/resources/resource_manager.go:31.2,31.33 1 1
quebrada_api/resources/resource_manager.go:31.33,32.19 1 1
quebrada_api/resources/resource_manager.go:32.19,33.12 1 0
quebrada_api/resources/resource_manager.go:36.3,37.17 2 1
quebrada_api/resources/resource_manager.go:37.17,39.4 1 0
quebrada_api/resources/resource_manager.go:41.3,41.30 1 1
quebrada_api/resources/resource_manager.go:43.2,43.12 1 1
quebrada_api/resources/resource_manager.go:46.57,48.2 1 0
quebrada_api/resources/resource_manager.go:22.28,23.22 1 1
quebrada_api/resources/resource_manager.go:23.22,25.3 1 1
quebrada_api/resources/resource_manager.go:26.2,27.16 2 1
quebrada_api/resources/resource_manager.go:27.16,29.3 1 0
quebrada_api/resources/resource_manager.go:31.2,31.33 1 1
quebrada_api/resources/resource_manager.go:31.33,32.19 1 1
quebrada_api/resources/resource_manager.go:32.19,33.12 1 0
quebrada_api/resources/resource_manager.go:36.3,37.17 2 1
quebrada_api/resources/resource_manager.go:37.17,39.4 1 0
quebrada_api/resources/resource_manager.go:41.3,41.30 1 1
quebrada_api/resources/resource_manager.go:43.2,43.12 1 1
quebrada_api/resources/resource_manager.go:46.57,48.2 1 1
quebrada_api/internal/domain/spec/specification.go:18.46,21.40 2 1
quebrada_api/internal/domain/spec/specification.go:21.40,23.3 1 1
quebrada_api/internal/domain/spec/specification.go:25.2,25.64 1 1
quebrada_api/internal/domain/spec/specification.go:28.46,31.40 2 1
quebrada_api/internal/domain/spec/specification.go:31.40,33.3 1 1
quebrada_api/internal/domain/spec/specification.go:35.2,35.15 1 1
quebrada_api/internal/domain/spec/specification.go:38.57,43.2 1 1
quebrada_api/internal/domain/spec/specification.go:45.56,50.2 1 0
quebrada_api/internal/domain/spec/specification.go:56.45,58.2 1 0
quebrada_api/internal/domain/spec/specification.go:60.53,64.2 1 0
quebrada_api/internal/domain/spec/specification.go:72.59,74.2 1 1
quebrada_api/internal/domain/spec/specification.go:76.59,78.2 1 1
quebrada_api/internal/domain/spec/specification.go:80.56,86.2 1 1
quebrada_api/internal/domain/spec/specification.go:88.69,94.2 1 0
quebrada_api/internal/domain/spec/specification.go:96.72,102.2 1 0
quebrada_api/internal/domain/spec/specification.go:104.66,110.2 1 0
quebrada_api/internal/domain/spec/specification.go:112.69,118.2 1 0
quebrada_api/internal/domain/spec/specification.go:120.55,126.2 1 0
quebrada_api/internal/domain/spec/specification.go:130.48,132.2 1 0
quebrada_api/internal/domain/spec/specification.go:134.48,136.2 1 0
quebrada_api/internal/domain/spec/specification.go:138.41,140.2 1 0
quebrada_api/internal/domain/spec/user_spec.go:4.42,6.2 1 1
quebrada_api/internal/domain/spec/user_spec.go:8.55,10.2 1 1
quebrada_api/internal/domain/spec/user_spec.go:12.49,14.2 1 0
quebrada_api/pkg/identity/password_hasher.go:18.53,20.2 1 0
quebrada_api/pkg/identity/password_hasher.go:22.72,24.56 2 0
quebrada_api/pkg/identity/password_hasher.go:24.56,26.3 1 0
quebrada_api/pkg/identity/password_hasher.go:28.2,28.57 1 0
quebrada_api/pkg/identity/password_hasher.go:31.85,33.16 2 0
quebrada_api/pkg/identity/password_hasher.go:33.16,35.3 1 0
quebrada_api/pkg/identity/password_hasher.go:36.2,36.28 1 0
quebrada_api/pkg/identity/password_hasher.go:36.28,38.3 1 0
quebrada_api/pkg/identity/password_hasher.go:39.2,39.12 1 0
quebrada_api/pkg/identity/token_manager.go:24.66,29.2 1 1
quebrada_api/pkg/identity/token_manager.go:31.73,34.34 2 1
quebrada_api/pkg/identity/token_manager.go:34.34,36.3 1 1
quebrada_api/pkg/identity/token_manager.go:38.2,50.16 3 1
quebrada_api/pkg/identity/token_manager.go:50.16,52.3 1 0
quebrada_api/pkg/identity/token_manager.go:54.2,54.19 1 1
quebrada_api/pkg/identity/token_manager.go:57.73,59.96 2 1
quebrada_api/pkg/identity/token_manager.go:59.96,61.3 1 1
quebrada_api/pkg/identity/token_manager.go:62.2,62.16 1 1
quebrada_api/pkg/identity/token_manager.go:62.16,64.3 1 1
quebrada_api/pkg/identity/token_manager.go:65.2,65.16 1 0
quebrada_api/pkg/identity/token_manager.go:65.16,67.3 1 0
quebrada_api/pkg/identity/token_manager.go:68.2,68.21 1 0
quebrada_api/internal/domain/spec/specification.go:18.46,21.40 2 1
quebrada_api/internal/domain/spec/specification.go:21.40,23.3 1 1
quebrada_api/internal/domain/spec/specification.go:25.2,25.64 1 1
quebrada_api/internal/domain/spec/specification.go:28.46,31.40 2 1
quebrada_api/internal/domain/spec/specification.go:31.40,33.3 1 1
quebrada_api/internal/domain/spec/specification.go:35.2,35.15 1 1
quebrada_api/internal/domain/spec/specification.go:38.57,43.2 1 1
quebrada_api/internal/domain/spec/specification.go:45.56,50.2 1 0
quebrada_api/internal/domain/spec/specification.go:56.45,58.2 1 0
quebrada_api/internal/domain/spec/specification.go:60.53,64.2 1 0
quebrada_api/internal/domain/spec/specification.go:72.59,74.2 1 1
quebrada_api/internal/domain/spec/specification.go:76.59,78.2 1 1
quebrada_api/internal/domain/spec/specification.go:80.56,86.2 1 1
quebrada_api/internal/domain/spec/specification.go:88.69,94.2 1 0
quebrada_api/internal/domain/spec/specification.go:96.72,102.2 1 0
quebrada_api/internal/domain/spec/specification.go:104.66,110.2 1 0
quebrada_api/internal/domain/spec/specification.go:112.69,118.2 1 0
quebrada_api/internal/domain/spec/specification.go:120.55,126.2 1 0
quebrada_api/internal/domain/spec/specification.go:130.48,132.2 1 0
quebrada_api/internal/domain/spec/specification.go:134.48,136.2 1 0
quebrada_api/internal/domain/spec/specification.go:138.41,140.2 1 0
quebrada_api/internal/domain/spec/user_spec.go:4.42,6.2 1 0
quebrada_api/internal/domain/spec/user_spec.go:8.55,10.2 1 0
quebrada_api/internal/domain/spec/user_spec.go:12.49,14.2 1 0
quebrada_api/internal/infrastructure/repositories/generic_repository.go:12.46,18.16 4 1
quebrada_api/internal/infrastructure/repositories/generic_repository.go:18.16,20.3 1 0
quebrada_api/internal/infrastructure/repositories/generic_repository.go:22.2,23.29 2 1
quebrada_api/internal/infrastructure/repositories/generic_repository.go:23.29,25.3 1 1
quebrada_api/internal/infrastructure/repositories/generic_repository.go:27.2,27.20 1 1
quebrada_api/internal/infrastructure/repositories/generic_repository.go:30.59,33.21 3 1
quebrada_api/internal/infrastructure/repositories/generic_repository.go:33.21,35.3 1 0
quebrada_api/internal/infrastructure/repositories/generic_repository.go:37.2,37.24 1 1
quebrada_api/internal/infrastructure/repositories/generic_repository.go:41.47,44.2 2 1
quebrada_api/internal/infrastructure/repositories/generic_repository.go:46.47,47.23 1 0
quebrada_api/internal/infrastructure/repositories/generic_repository.go:50.53,55.2 3 0
quebrada_api/internal/infrastructure/repositories/generic_repository.go:57.77,63.16 3 1
quebrada_api/internal/infrastructure/repositories/generic_repository.go:63.16,65.3 1 0
quebrada_api/internal/infrastructure/repositories/generic_repository.go:68.2,69.29 2 1
quebrada_api/internal/infrastructure/repositories/generic_repository.go:69.29,71.3 1 1
quebrada_api/internal/infrastructure/repositories/generic_repository.go:73.2,73.20 1 1
quebrada_api/internal/communication/kafka_publisher.go:12.66,16.2 1 0
quebrada_api/internal/communication/kafka_publisher.go:18.78,20.16 2 0
quebrada_api/internal/communication/kafka_publisher.go:20.16,22.3 1 0
quebrada_api/internal/communication/kafka_publisher.go:23.2,28.16 2 0
quebrada_api/internal/communication/kafka_publisher.go:28.16,30.3 1 0
quebrada_api/internal/communication/kafka_publisher.go:33.2,36.12 3 0
quebrada_api/internal/config/config.go:40.47,43.40 2 0
quebrada_api/internal/config/config.go:43.40,45.3 1 0
quebrada_api/internal/config/config.go:47.2,49.18 2 0
quebrada_api/internal/config/config.go:52.35,55.2 1 0
quebrada_api/internal/config/config.go:57.30,72.2 6 0
quebrada_api/internal/domain/domain_errors/auth_error.go:5.46,7.2 1 0
quebrada_api/internal/domain/domain_errors/auth_error.go:11.41,13.2 1 0
quebrada_api/internal/domain/domain_errors/auth_error.go:17.39,19.2 1 0
quebrada_api/internal/domain/services/auth_service.go:49.16,56.2 1 1
quebrada_api/internal/domain/services/auth_service.go:58.60,60.25 2 0
quebrada_api/internal/domain/services/auth_service.go:60.25,63.3 2 0
quebrada_api/internal/domain/services/auth_service.go:65.2,66.16 2 0
quebrada_api/internal/domain/services/auth_service.go:66.16,69.3 2 0
quebrada_api/internal/domain/services/auth_service.go:70.2,76.16 5 0
quebrada_api/internal/domain/services/auth_service.go:76.16,79.3 2 0
quebrada_api/internal/domain/services/auth_service.go:81.2,81.12 1 0
quebrada_api/internal/domain/services/auth_service.go:81.12,83.17 2 0
quebrada_api/internal/domain/services/auth_service.go:83.17,85.4 1 0
quebrada_api/internal/domain/services/auth_service.go:88.2,88.12 1 0
quebrada_api/internal/domain/services/auth_service.go:91.60,93.2 1 0
quebrada_api/internal/domain/services/auth_service.go:95.53,97.2 1 0
quebrada_api/internal/domain/services/auth_service.go:99.86,101.16 2 0
quebrada_api/internal/domain/services/auth_service.go:101.16,103.3 1 0
quebrada_api/internal/domain/services/auth_service.go:105.2,106.16 2 0
quebrada_api/internal/domain/services/auth_service.go:106.16,109.3 2 0
quebrada_api/internal/domain/services/auth_service.go:111.2,111.39 1 0
quebrada_api/internal/domain/services/auth_service.go:111.39,113.3 1 0
quebrada_api/internal/domain/services/auth_service.go:115.2,115.18 1 0
quebrada_api/internal/domain/services/auth_service.go:118.72,120.16 2 0
quebrada_api/internal/domain/services/auth_service.go:120.16,122.3 1 0
quebrada_api/internal/domain/services/auth_service.go:123.2,123.22 1 0
quebrada_api/internal/domain/services/auth_service.go:123.22,125.3 1 0
quebrada_api/internal/domain/services/auth_service.go:125.8,127.3 1 0
quebrada_api/internal/domain/services/auth_service.go:130.80,133.16 2 0
quebrada_api/internal/domain/services/auth_service.go:133.16,135.3 1 0
quebrada_api/internal/domain/services/auth_service.go:137.2,141.29 3 0
quebrada_api/internal/domain/services/auth_service.go:144.91,146.16 2 0
quebrada_api/internal/domain/services/auth_service.go:146.16,148.3 1 0
quebrada_api/internal/domain/services/auth_service.go:150.2,150.30 1 0
quebrada_api/internal/domain/services/auth_service.go:150.30,152.17 2 0
quebrada_api/internal/domain/services/auth_service.go:152.17,154.4 1 0
quebrada_api/internal/domain/services/auth_service.go:155.3,157.13 3 0
quebrada_api/internal/domain/services/auth_service.go:158.8,160.3 1 0
quebrada_api/internal/domain/services/auth_service.go:163.80,167.16 4 0
quebrada_api/internal/domain/services/auth_service.go:167.16,169.3 1 0
quebrada_api/internal/domain/services/auth_service.go:170.2,170.12 1 0
quebrada_api/internal/domain/services/auth_service.go:173.69,175.16 2 0
quebrada_api/internal/domain/services/auth_service.go:175.16,177.3 1 0
quebrada_api/internal/domain/services/auth_service.go:178.2,179.21 2 0
quebrada_api/internal/domain/services/auth_service.go:179.21,181.3 1 0
quebrada_api/internal/domain/services/auth_service.go:183.2,183.36 1 0
quebrada_api/internal/domain/services/auth_service.go:183.36,185.3 1 0
quebrada_api/internal/domain/services/auth_service.go:187.2,190.17 4 0
quebrada_api/internal/domain/services/auth_service.go:210.67,212.16 2 1
quebrada_api/internal/domain/services/auth_service.go:212.16,214.3 1 0
quebrada_api/internal/domain/services/auth_service.go:215.2,215.28 1 1
quebrada_api/internal/domain/services/problem_service.go:29.19,34.2 1 0
quebrada_api/internal/domain/services/problem_service.go:36.71,38.16 2 0
quebrada_api/internal/domain/services/problem_service.go:38.16,41.3 2 0
quebrada_api/internal/domain/services/problem_service.go:42.2,42.12 1 0
quebrada_api/internal/domain/services/problem_service.go:45.71,47.2 1 0
quebrada_api/internal/domain/services/problem_service.go:49.67,51.2 1 0
quebrada_api/internal/domain/services/problem_service.go:53.82,55.2 1 0
quebrada_api/internal/domain/services/problem_service.go:57.92,58.23 1 0
quebrada_api/internal/domain/services/problem_service.go:61.95,64.16 2 0
quebrada_api/internal/domain/services/problem_service.go:64.16,66.3 1 0
quebrada_api/internal/domain/services/problem_service.go:67.2,77.68 3 0
quebrada_api/internal/domain/spec/specification.go:18.46,21.40 2 1
quebrada_api/internal/domain/spec/specification.go:21.40,23.3 1 1
quebrada_api/internal/domain/spec/specification.go:25.2,25.64 1 1
quebrada_api/internal/domain/spec/specification.go:28.46,31.40 2 1
quebrada_api/internal/domain/spec/specification.go:31.40,33.3 1 1
quebrada_api/internal/domain/spec/specification.go:35.2,35.15 1 1
quebrada_api/internal/domain/spec/specification.go:38.57,43.2 1 1
quebrada_api/internal/domain/spec/specification.go:45.56,50.2 1 0
quebrada_api/internal/domain/spec/specification.go:56.45,58.2 1 0
quebrada_api/internal/domain/spec/specification.go:60.53,64.2 1 0
quebrada_api/internal/domain/spec/specification.go:72.59,74.2 1 1
quebrada_api/internal/domain/spec/specification.go:76.59,78.2 1 1
quebrada_api/internal/domain/spec/specification.go:80.56,86.2 1 1
quebrada_api/internal/domain/spec/specification.go:88.69,94.2 1 0
quebrada_api/internal/domain/spec/specification.go:96.72,102.2 1 0
quebrada_api/internal/domain/spec/specification.go:104.66,110.2 1 0
quebrada_api/internal/domain/spec/specification.go:112.69,118.2 1 0
quebrada_api/internal/domain/spec/specification.go:120.55,126.2 1 0
quebrada_api/internal/domain/spec/specification.go:130.48,132.2 1 0
quebrada_api/internal/domain/spec/specification.go:134.48,136.2 1 0
quebrada_api/internal/domain/spec/specification.go:138.41,140.2 1 0
quebrada_api/internal/domain/spec/user_spec.go:4.42,6.2 1 0
quebrada_api/internal/domain/spec/user_spec.go:8.55,10.2 1 1
quebrada_api/internal/domain/spec/user_spec.go:12.49,14.2 1 0
quebrada_api/internal/infrastructure/repositories/generic_repository.go:12.46,18.16 4 0
quebrada_api/internal/infrastructure/repositories/generic_repository.go:18.16,20.3 1 0
quebrada_api/internal/infrastructure/repositories/generic_repository.go:22.2,23.29 2 0
quebrada_api/internal/infrastructure/repositories/generic_repository.go:23.29,25.3 1 0
quebrada_api/internal/infrastructure/repositories/generic_repository.go:27.2,27.20 1 0
quebrada_api/internal/infrastructure/repositories/generic_repository.go:30.59,33.21 3 0
quebrada_api/internal/infrastructure/repositories/generic_repository.go:33.21,35.3 1 0
quebrada_api/internal/infrastructure/repositories/generic_repository.go:37.2,37.24 1 0
quebrada_api/internal/infrastructure/repositories/generic_repository.go:41.47,44.2 2 0
quebrada_api/internal/infrastructure/repositories/generic_repository.go:46.47,47.23 1 0
quebrada_api/internal/infrastructure/repositories/generic_repository.go:50.53,55.2 3 0
quebrada_api/internal/infrastructure/repositories/generic_repository.go:57.77,63.16 3 1
quebrada_api/internal/infrastructure/repositories/generic_repository.go:63.16,65.3 1 0
quebrada_api/internal/infrastructure/repositories/generic_repository.go:68.2,69.29 2 1
quebrada_api/internal/infrastructure/repositories/generic_repository.go:69.29,71.3 1 1
quebrada_api/internal/infrastructure/repositories/generic_repository.go:73.2,73.20 1 1
quebrada_api/internal/infrastructure/senders/email_sender.go:15.60,19.2 1 0
quebrada_api/internal/infrastructure/senders/email_sender.go:21.117,25.45 3 0
quebrada_api/internal/infrastructure/senders/email_sender.go:25.45,27.3 1 0
quebrada_api/internal/infrastructure/senders/email_sender.go:28.2,29.18 2 0
quebrada_api/internal/infrastructure/senders/email_sender.go:32.40,34.2 1 0
quebrada_api/internal/infrastructure/senders/email_sender.go:36.115,37.37 1 0
quebrada_api/internal/infrastructure/senders/email_sender.go:37.37,39.3 1 0
quebrada_api/internal/infrastructure/senders/email_sender.go:41.2,42.16 2 0
quebrada_api/internal/infrastructure/senders/email_sender.go:42.16,44.3 1 0
quebrada_api/internal/infrastructure/senders/email_sender.go:46.2,53.48 7 0
quebrada_api/internal/infrastructure/senders/email_sender.go:53.48,55.3 1 0
quebrada_api/internal/infrastructure/senders/email_sender.go:57.2,57.12 1 0
quebrada_api/pkg/identity/password_hasher.go:18.53,20.2 1 0
quebrada_api/pkg/identity/password_hasher.go:22.72,24.56 2 0
quebrada_api/pkg/identity/password_hasher.go:24.56,26.3 1 0
quebrada_api/pkg/identity/password_hasher.go:28.2,28.57 1 0
quebrada_api/pkg/identity/password_hasher.go:31.85,33.16 2 0
quebrada_api/pkg/identity/password_hasher.go:33.16,35.3 1 0
quebrada_api/pkg/identity/password_hasher.go:36.2,36.28 1 0
quebrada_api/pkg/identity/password_hasher.go:36.28,38.3 1 0
quebrada_api/pkg/identity/password_hasher.go:39.2,39.12 1 0
quebrada_api/pkg/identity/token_manager.go:24.66,29.2 1 0
quebrada_api/pkg/identity/token_manager.go:31.73,34.34 2 0
quebrada_api/pkg/identity/token_manager.go:34.34,36.3 1 0
quebrada_api/pkg/identity/token_manager.go:38.2,50.16 3 0
quebrada_api/pkg/identity/token_manager.go:50.16,52.3 1 0
quebrada_api/pkg/identity/token_manager.go:54.2,54.19 1 0
quebrada_api/pkg/identity/token_manager.go:57.73,59.96 2 0
quebrada_api/pkg/identity/token_manager.go:59.96,61.3 1 0
quebrada_api/pkg/identity/token_manager.go:62.2,62.16 1 0
quebrada_api/pkg/identity/token_manager.go:62.16,64.3 1 0
quebrada_api/pkg/identity/token_manager.go:65.2,65.16 1 0
quebrada_api/pkg/identity/token_manager.go:65.16,67.3 1 0
quebrada_api/pkg/identity/token_manager.go:68.2,68.21 1 0
quebrada_api/pkg/logger/logrus.go:7.32,9.2 1 0
quebrada_api/pkg/logger/logrus.go:11.49,13.2 1 0
quebrada_api/pkg/logger/logrus.go:15.31,17.2 1 0
quebrada_api/pkg/logger/logrus.go:19.48,21.2 1 0
quebrada_api/pkg/logger/logrus.go:23.31,25.2 1 0
quebrada_api/pkg/logger/logrus.go:27.48,29.2 1 0
quebrada_api/pkg/logger/logrus.go:31.32,33.2 1 0
quebrada_api/pkg/logger/logrus.go:35.49,37.2 1 0
quebrada_api/resources/resource_manager.go:22.28,23.22 1 0
quebrada_api/resources/resource_manager.go:23.22,25.3 1 0
quebrada_api/resources/resource_manager.go:26.2,27.16 2 0
quebrada_api/resources/resource_manager.go:27.16,29.3 1 0
quebrada_api/resources/resource_manager.go:31.2,31.33 1 0
quebrada_api/resources/resource_manager.go:31.33,32.19 1 0
quebrada_api/resources/resource_manager.go:32.19,33.12 1 0
quebrada_api/resources/resource_manager.go:36.3,37.17 2 0
quebrada_api/resources/resource_manager.go:37.17,39.4 1 0
quebrada_api/resources/resource_manager.go:41.3,41.30 1 0
quebrada_api/resources/resource_manager.go:43.2,43.12 1 0
quebrada_api/resources/resource_manager.go:46.57,48.2 1 0
