mode: set
quebrada_api/ioc/infrastructure_provider.go:9.64,11.2 1 0
quebrada_api/ioc/infrastructure_provider.go:13.73,15.2 1 0
quebrada_api/internal/domain/domain_errors/auth_error.go:5.46,7.2 1 0
quebrada_api/internal/domain/domain_errors/auth_error.go:11.41,13.2 1 0
quebrada_api/internal/domain/domain_errors/auth_error.go:17.39,19.2 1 0
quebrada_api/internal/domain/services/auth_service.go:48.16,55.2 1 0
quebrada_api/internal/domain/services/auth_service.go:57.60,59.25 2 0
quebrada_api/internal/domain/services/auth_service.go:64.2,65.16 2 0
quebrada_api/internal/domain/services/auth_service.go:69.2,75.16 5 0
quebrada_api/internal/domain/services/auth_service.go:80.2,80.12 1 0
quebrada_api/internal/domain/services/auth_service.go:87.2,87.12 1 0
quebrada_api/internal/domain/services/auth_service.go:59.25,62.3 2 0
quebrada_api/internal/domain/services/auth_service.go:65.16,68.3 2 0
quebrada_api/internal/domain/services/auth_service.go:75.16,78.3 2 0
quebrada_api/internal/domain/services/auth_service.go:80.12,82.17 2 0
quebrada_api/internal/domain/services/auth_service.go:82.17,84.4 1 0
quebrada_api/internal/domain/services/auth_service.go:90.60,92.2 1 0
quebrada_api/internal/domain/services/auth_service.go:94.53,96.2 1 0
quebrada_api/internal/domain/services/auth_service.go:98.86,100.16 2 0
quebrada_api/internal/domain/services/auth_service.go:104.2,105.16 2 0
quebrada_api/internal/domain/services/auth_service.go:110.2,110.39 1 0
quebrada_api/internal/domain/services/auth_service.go:114.2,114.18 1 0
quebrada_api/internal/domain/services/auth_service.go:100.16,102.3 1 0
quebrada_api/internal/domain/services/auth_service.go:105.16,108.3 2 0
quebrada_api/internal/domain/services/auth_service.go:110.39,112.3 1 0
quebrada_api/internal/domain/services/auth_service.go:117.72,119.16 2 0
quebrada_api/internal/domain/services/auth_service.go:122.2,122.22 1 0
quebrada_api/internal/domain/services/auth_service.go:119.16,121.3 1 0
quebrada_api/internal/domain/services/auth_service.go:122.22,124.3 1 0
quebrada_api/internal/domain/services/auth_service.go:124.8,126.3 1 0
quebrada_api/internal/domain/services/auth_service.go:129.80,132.16 2 0
quebrada_api/internal/domain/services/auth_service.go:136.2,140.29 3 0
quebrada_api/internal/domain/services/auth_service.go:132.16,134.3 1 0
quebrada_api/internal/domain/services/auth_service.go:143.91,145.16 2 0
quebrada_api/internal/domain/services/auth_service.go:149.2,149.30 1 0
quebrada_api/internal/domain/services/auth_service.go:145.16,147.3 1 0
quebrada_api/internal/domain/services/auth_service.go:149.30,151.17 2 0
quebrada_api/internal/domain/services/auth_service.go:154.3,156.13 3 0
quebrada_api/internal/domain/services/auth_service.go:151.17,153.4 1 0
quebrada_api/internal/domain/services/auth_service.go:157.8,159.3 1 0
quebrada_api/internal/domain/services/auth_service.go:162.80,167.16 5 0
quebrada_api/internal/domain/services/auth_service.go:170.2,170.12 1 0
quebrada_api/internal/domain/services/auth_service.go:167.16,169.3 1 0
quebrada_api/internal/domain/services/auth_service.go:173.69,176.21 3 0
quebrada_api/internal/domain/services/auth_service.go:179.2,179.36 1 0
quebrada_api/internal/domain/services/auth_service.go:183.2,186.17 4 0
quebrada_api/internal/domain/services/auth_service.go:176.21,178.3 1 0
quebrada_api/internal/domain/services/auth_service.go:179.36,181.3 1 0
quebrada_api/internal/domain/services/auth_service.go:206.67,208.16 2 0
quebrada_api/internal/domain/services/auth_service.go:211.2,211.28 1 0
quebrada_api/internal/domain/services/auth_service.go:208.16,210.3 1 0
quebrada_api/internal/app/router/authentication_routes.go:7.55,9.2 2 0
quebrada_api/internal/app/router/authentication_routes.go:9.2,15.3 5 0
quebrada_api/internal/infrastructure/repositories/generic_repository.go:12.46,18.16 4 0
quebrada_api/internal/infrastructure/repositories/generic_repository.go:22.2,23.29 2 0
quebrada_api/internal/infrastructure/repositories/generic_repository.go:27.2,27.20 1 0
quebrada_api/internal/infrastructure/repositories/generic_repository.go:18.16,20.3 1 0
quebrada_api/internal/infrastructure/repositories/generic_repository.go:23.29,25.3 1 0
quebrada_api/internal/infrastructure/repositories/generic_repository.go:30.59,33.21 3 0
quebrada_api/internal/infrastructure/repositories/generic_repository.go:37.2,37.24 1 0
quebrada_api/internal/infrastructure/repositories/generic_repository.go:33.21,35.3 1 0
quebrada_api/internal/infrastructure/repositories/generic_repository.go:41.47,44.2 2 0
quebrada_api/internal/infrastructure/repositories/generic_repository.go:46.47,47.23 1 0
quebrada_api/internal/infrastructure/repositories/generic_repository.go:50.53,55.2 3 0
quebrada_api/internal/infrastructure/repositories/generic_repository.go:57.77,63.16 3 0
quebrada_api/internal/infrastructure/repositories/generic_repository.go:68.2,69.29 2 0
quebrada_api/internal/infrastructure/repositories/generic_repository.go:73.2,73.20 1 0
quebrada_api/internal/infrastructure/repositories/generic_repository.go:63.16,65.3 1 0
quebrada_api/internal/infrastructure/repositories/generic_repository.go:69.29,71.3 1 0
quebrada_api/internal/domain/spec/user_spec.go:4.42,6.2 1 0
quebrada_api/internal/domain/spec/user_spec.go:8.55,10.2 1 0
quebrada_api/internal/domain/spec/user_spec.go:12.49,14.2 1 0
quebrada_api/pkg/logger/logrus.go:7.32,9.2 1 0
quebrada_api/pkg/logger/logrus.go:11.49,13.2 1 0
quebrada_api/pkg/logger/logrus.go:15.31,17.2 1 0
quebrada_api/pkg/logger/logrus.go:19.48,21.2 1 0
quebrada_api/pkg/logger/logrus.go:23.31,25.2 1 0
quebrada_api/pkg/logger/logrus.go:27.48,29.2 1 0
quebrada_api/pkg/logger/logrus.go:31.32,33.2 1 0
quebrada_api/pkg/logger/logrus.go:35.49,37.2 1 0
quebrada_api/internal/app/controllers/authentication_controller.go:22.54,27.2 1 0
quebrada_api/internal/app/controllers/authentication_controller.go:41.48,44.16 2 0
quebrada_api/internal/app/controllers/authentication_controller.go:49.2,50.16 2 0
quebrada_api/internal/app/controllers/authentication_controller.go:54.2,55.16 2 0
quebrada_api/internal/app/controllers/authentication_controller.go:60.2,60.65 1 0
quebrada_api/internal/app/controllers/authentication_controller.go:44.16,47.3 2 0
quebrada_api/internal/app/controllers/authentication_controller.go:50.16,52.3 1 0
quebrada_api/internal/app/controllers/authentication_controller.go:55.16,58.3 2 0
quebrada_api/internal/app/controllers/authentication_controller.go:75.48,78.16 2 0
quebrada_api/internal/app/controllers/authentication_controller.go:82.2,82.45 1 0
quebrada_api/internal/app/controllers/authentication_controller.go:94.2,97.16 3 0
quebrada_api/internal/app/controllers/authentication_controller.go:102.2,102.80 1 0
quebrada_api/internal/app/controllers/authentication_controller.go:78.16,80.3 1 0
quebrada_api/internal/app/controllers/authentication_controller.go:82.45,92.3 2 0
quebrada_api/internal/app/controllers/authentication_controller.go:97.16,100.3 2 0
quebrada_api/internal/app/controllers/authentication_controller.go:117.58,120.16 2 0
quebrada_api/internal/app/controllers/authentication_controller.go:124.2,125.16 2 0
quebrada_api/internal/app/controllers/authentication_controller.go:130.2,130.85 1 0
quebrada_api/internal/app/controllers/authentication_controller.go:120.16,122.3 1 0
quebrada_api/internal/app/controllers/authentication_controller.go:125.16,128.3 2 0
quebrada_api/internal/app/controllers/authentication_controller.go:145.55,148.16 2 0
quebrada_api/internal/app/controllers/authentication_controller.go:152.2,153.16 2 0
quebrada_api/internal/app/controllers/authentication_controller.go:158.2,158.30 1 0
quebrada_api/internal/app/controllers/authentication_controller.go:148.16,150.3 1 0
quebrada_api/internal/app/controllers/authentication_controller.go:153.16,156.3 2 0
quebrada_api/internal/app/controllers/authentication_controller.go:173.62,176.16 2 0
quebrada_api/internal/app/controllers/authentication_controller.go:180.2,181.16 2 0
quebrada_api/internal/app/controllers/authentication_controller.go:186.2,186.27 1 0
quebrada_api/internal/app/controllers/authentication_controller.go:176.16,178.3 1 0
quebrada_api/internal/app/controllers/authentication_controller.go:181.16,184.3 2 0
quebrada_api/ioc/service_provider.go:16.48,18.2 1 0
quebrada_api/internal/app/models/auth.go:13.41,17.2 1 0
quebrada_api/internal/app/models/auth.go:25.48,31.2 1 0
quebrada_api/internal/app/models/auth.go:38.48,43.2 1 0
quebrada_api/internal/app/models/auth.go:54.39,61.2 1 0
quebrada_api/internal/app/models/auth.go:68.43,73.2 1 0
quebrada_api/pkg/identity/password_hasher.go:18.53,20.2 1 0
quebrada_api/pkg/identity/password_hasher.go:22.72,24.56 2 0
quebrada_api/pkg/identity/password_hasher.go:28.2,28.57 1 0
quebrada_api/pkg/identity/password_hasher.go:24.56,26.3 1 0
quebrada_api/pkg/identity/password_hasher.go:31.85,33.16 2 0
quebrada_api/pkg/identity/password_hasher.go:36.2,36.28 1 0
quebrada_api/pkg/identity/password_hasher.go:39.2,39.12 1 0
quebrada_api/pkg/identity/password_hasher.go:33.16,35.3 1 0
quebrada_api/pkg/identity/password_hasher.go:36.28,38.3 1 0
quebrada_api/internal/mapper/user_mapping.go:8.55,15.2 1 0
quebrada_api/ioc/repository_provider.go:10.85,12.2 1 0
quebrada_api/migrations/migrate.go:9.33,14.16 3 0
quebrada_api/migrations/migrate.go:19.2,22.40 4 0
quebrada_api/migrations/migrate.go:14.16,16.38 2 0
quebrada_api/internal/domain/spec/specification.go:18.46,21.40 2 0
quebrada_api/internal/domain/spec/specification.go:25.2,25.64 1 0
quebrada_api/internal/domain/spec/specification.go:21.40,23.3 1 0
quebrada_api/internal/domain/spec/specification.go:28.46,31.40 2 0
quebrada_api/internal/domain/spec/specification.go:35.2,35.15 1 0
quebrada_api/internal/domain/spec/specification.go:31.40,33.3 1 0
quebrada_api/internal/domain/spec/specification.go:38.57,43.2 1 0
quebrada_api/internal/domain/spec/specification.go:45.56,50.2 1 0
quebrada_api/internal/domain/spec/specification.go:56.45,58.2 1 0
quebrada_api/internal/domain/spec/specification.go:60.53,64.2 1 0
quebrada_api/internal/domain/spec/specification.go:72.59,74.2 1 0
quebrada_api/internal/domain/spec/specification.go:76.59,78.2 1 0
quebrada_api/internal/domain/spec/specification.go:80.56,86.2 1 0
quebrada_api/internal/domain/spec/specification.go:88.69,94.2 1 0
quebrada_api/internal/domain/spec/specification.go:96.72,102.2 1 0
quebrada_api/internal/domain/spec/specification.go:104.66,110.2 1 0
quebrada_api/internal/domain/spec/specification.go:112.69,118.2 1 0
quebrada_api/internal/domain/spec/specification.go:120.55,126.2 1 0
quebrada_api/internal/domain/spec/specification.go:130.48,132.2 1 0
quebrada_api/internal/domain/spec/specification.go:134.48,136.2 1 0
quebrada_api/internal/domain/spec/specification.go:138.41,140.2 1 0
quebrada_api/pkg/identity/token_manager.go:24.66,29.2 1 1
quebrada_api/pkg/identity/token_manager.go:31.73,34.34 2 1
quebrada_api/pkg/identity/token_manager.go:38.2,50.16 3 1
quebrada_api/pkg/identity/token_manager.go:54.2,54.19 1 1
quebrada_api/pkg/identity/token_manager.go:34.34,36.3 1 1
quebrada_api/pkg/identity/token_manager.go:50.16,52.3 1 0
quebrada_api/pkg/identity/token_manager.go:57.73,59.96 2 1
quebrada_api/pkg/identity/token_manager.go:62.2,62.16 1 1
quebrada_api/pkg/identity/token_manager.go:65.2,65.16 1 0
quebrada_api/pkg/identity/token_manager.go:68.2,68.21 1 0
quebrada_api/pkg/identity/token_manager.go:59.96,61.3 1 1
quebrada_api/pkg/identity/token_manager.go:62.16,64.3 1 1
quebrada_api/pkg/identity/token_manager.go:65.16,67.3 1 0
quebrada_api/internal/app/controllers/controller_base.go:11.72,13.2 1 0
quebrada_api/internal/app/controllers/controller_base.go:15.64,18.43 2 0
quebrada_api/internal/app/controllers/controller_base.go:22.2,23.16 2 0
quebrada_api/internal/app/controllers/controller_base.go:31.2,31.19 1 0
quebrada_api/internal/app/controllers/controller_base.go:18.43,20.3 1 0
quebrada_api/internal/app/controllers/controller_base.go:23.16,29.3 2 0
quebrada_api/ioc/controller_provider.go:11.66,13.2 1 0
quebrada_api/internal/config/config.go:36.47,39.40 2 0
quebrada_api/internal/config/config.go:43.2,45.18 2 0
quebrada_api/internal/config/config.go:39.40,41.3 1 0
quebrada_api/internal/config/config.go:48.35,51.2 1 0
quebrada_api/internal/config/config.go:53.30,68.2 6 0
quebrada_api/internal/app/router/router.go:19.45,21.2 2 0
quebrada_api/internal/app/router/router.go:21.2,23.3 1 0
quebrada_api/internal/infrastructure/senders/email_sender.go:16.60,20.2 1 0
quebrada_api/internal/infrastructure/senders/email_sender.go:22.103,24.16 2 0
quebrada_api/internal/infrastructure/senders/email_sender.go:30.2,31.44 2 0
quebrada_api/internal/infrastructure/senders/email_sender.go:34.2,35.18 2 0
quebrada_api/internal/infrastructure/senders/email_sender.go:24.16,28.3 2 0
quebrada_api/internal/infrastructure/senders/email_sender.go:31.44,33.3 1 0
quebrada_api/internal/infrastructure/senders/email_sender.go:38.40,40.2 1 0
quebrada_api/internal/infrastructure/senders/email_sender.go:42.98,43.37 1 0
quebrada_api/internal/infrastructure/senders/email_sender.go:47.2,48.16 2 0
quebrada_api/internal/infrastructure/senders/email_sender.go:52.2,59.48 7 0
quebrada_api/internal/infrastructure/senders/email_sender.go:63.2,63.12 1 0
quebrada_api/internal/infrastructure/senders/email_sender.go:43.37,45.3 1 0
quebrada_api/internal/infrastructure/senders/email_sender.go:48.16,50.3 1 0
quebrada_api/internal/infrastructure/senders/email_sender.go:59.48,61.3 1 0
quebrada_api/internal/config/config.go:36.47,39.40 2 0
quebrada_api/internal/config/config.go:43.2,45.18 2 0
quebrada_api/internal/config/config.go:39.40,41.3 1 0
quebrada_api/internal/config/config.go:48.35,51.2 1 0
quebrada_api/internal/config/config.go:53.30,68.2 6 0
quebrada_api/pkg/identity/token_manager.go:24.66,29.2 1 0
quebrada_api/pkg/identity/token_manager.go:31.73,34.34 2 0
quebrada_api/pkg/identity/token_manager.go:38.2,50.16 3 0
quebrada_api/pkg/identity/token_manager.go:54.2,54.19 1 0
quebrada_api/pkg/identity/token_manager.go:34.34,36.3 1 0
quebrada_api/pkg/identity/token_manager.go:50.16,52.3 1 0
quebrada_api/pkg/identity/token_manager.go:57.73,59.96 2 0
quebrada_api/pkg/identity/token_manager.go:62.2,62.16 1 0
quebrada_api/pkg/identity/token_manager.go:65.2,65.16 1 0
quebrada_api/pkg/identity/token_manager.go:68.2,68.21 1 0
quebrada_api/pkg/identity/token_manager.go:59.96,61.3 1 0
quebrada_api/pkg/identity/token_manager.go:62.16,64.3 1 0
quebrada_api/pkg/identity/token_manager.go:65.16,67.3 1 0
quebrada_api/ioc/controller_provider.go:11.66,13.2 1 0
quebrada_api/internal/domain/domain_errors/auth_error.go:5.46,7.2 1 0
quebrada_api/internal/domain/domain_errors/auth_error.go:11.41,13.2 1 0
quebrada_api/internal/domain/domain_errors/auth_error.go:17.39,19.2 1 0
quebrada_api/internal/domain/spec/specification.go:18.46,21.40 2 1
quebrada_api/internal/domain/spec/specification.go:25.2,25.64 1 1
quebrada_api/internal/domain/spec/specification.go:21.40,23.3 1 1
quebrada_api/internal/domain/spec/specification.go:28.46,31.40 2 1
quebrada_api/internal/domain/spec/specification.go:35.2,35.15 1 1
quebrada_api/internal/domain/spec/specification.go:31.40,33.3 1 1
quebrada_api/internal/domain/spec/specification.go:38.57,43.2 1 1
quebrada_api/internal/domain/spec/specification.go:45.56,50.2 1 0
quebrada_api/internal/domain/spec/specification.go:56.45,58.2 1 0
quebrada_api/internal/domain/spec/specification.go:60.53,64.2 1 0
quebrada_api/internal/domain/spec/specification.go:72.59,74.2 1 1
quebrada_api/internal/domain/spec/specification.go:76.59,78.2 1 1
quebrada_api/internal/domain/spec/specification.go:80.56,86.2 1 1
quebrada_api/internal/domain/spec/specification.go:88.69,94.2 1 0
quebrada_api/internal/domain/spec/specification.go:96.72,102.2 1 0
quebrada_api/internal/domain/spec/specification.go:104.66,110.2 1 0
quebrada_api/internal/domain/spec/specification.go:112.69,118.2 1 0
quebrada_api/internal/domain/spec/specification.go:120.55,126.2 1 0
quebrada_api/internal/domain/spec/specification.go:130.48,132.2 1 0
quebrada_api/internal/domain/spec/specification.go:134.48,136.2 1 0
quebrada_api/internal/domain/spec/specification.go:138.41,140.2 1 0
quebrada_api/internal/app/router/authentication_routes.go:7.55,9.2 2 0
quebrada_api/internal/app/router/authentication_routes.go:9.2,15.3 5 0
quebrada_api/internal/app/controllers/authentication_controller.go:22.54,27.2 1 0
quebrada_api/internal/app/controllers/authentication_controller.go:41.48,44.16 2 0
quebrada_api/internal/app/controllers/authentication_controller.go:49.2,50.16 2 0
quebrada_api/internal/app/controllers/authentication_controller.go:54.2,55.16 2 0
quebrada_api/internal/app/controllers/authentication_controller.go:60.2,60.65 1 0
quebrada_api/internal/app/controllers/authentication_controller.go:44.16,47.3 2 0
quebrada_api/internal/app/controllers/authentication_controller.go:50.16,52.3 1 0
quebrada_api/internal/app/controllers/authentication_controller.go:55.16,58.3 2 0
quebrada_api/internal/app/controllers/authentication_controller.go:75.48,78.16 2 0
quebrada_api/internal/app/controllers/authentication_controller.go:82.2,82.45 1 0
quebrada_api/internal/app/controllers/authentication_controller.go:94.2,97.16 3 0
quebrada_api/internal/app/controllers/authentication_controller.go:102.2,102.80 1 0
quebrada_api/internal/app/controllers/authentication_controller.go:78.16,80.3 1 0
quebrada_api/internal/app/controllers/authentication_controller.go:82.45,92.3 2 0
quebrada_api/internal/app/controllers/authentication_controller.go:97.16,100.3 2 0
quebrada_api/internal/app/controllers/authentication_controller.go:117.58,120.16 2 0
quebrada_api/internal/app/controllers/authentication_controller.go:124.2,125.16 2 0
quebrada_api/internal/app/controllers/authentication_controller.go:130.2,130.85 1 0
quebrada_api/internal/app/controllers/authentication_controller.go:120.16,122.3 1 0
quebrada_api/internal/app/controllers/authentication_controller.go:125.16,128.3 2 0
quebrada_api/internal/app/controllers/authentication_controller.go:145.55,148.16 2 0
quebrada_api/internal/app/controllers/authentication_controller.go:152.2,153.16 2 0
quebrada_api/internal/app/controllers/authentication_controller.go:158.2,158.30 1 0
quebrada_api/internal/app/controllers/authentication_controller.go:148.16,150.3 1 0
quebrada_api/internal/app/controllers/authentication_controller.go:153.16,156.3 2 0
quebrada_api/internal/app/controllers/authentication_controller.go:173.62,176.16 2 0
quebrada_api/internal/app/controllers/authentication_controller.go:180.2,181.16 2 0
quebrada_api/internal/app/controllers/authentication_controller.go:186.2,186.27 1 0
quebrada_api/internal/app/controllers/authentication_controller.go:176.16,178.3 1 0
quebrada_api/internal/app/controllers/authentication_controller.go:181.16,184.3 2 0
quebrada_api/ioc/service_provider.go:16.48,18.2 1 0
quebrada_api/internal/app/router/router.go:19.45,21.2 2 0
quebrada_api/internal/app/router/router.go:21.2,23.3 1 0
quebrada_api/internal/infrastructure/repositories/generic_repository.go:12.46,18.16 4 0
quebrada_api/internal/infrastructure/repositories/generic_repository.go:22.2,23.29 2 0
quebrada_api/internal/infrastructure/repositories/generic_repository.go:27.2,27.20 1 0
quebrada_api/internal/infrastructure/repositories/generic_repository.go:18.16,20.3 1 0
quebrada_api/internal/infrastructure/repositories/generic_repository.go:23.29,25.3 1 0
quebrada_api/internal/infrastructure/repositories/generic_repository.go:30.59,33.21 3 0
quebrada_api/internal/infrastructure/repositories/generic_repository.go:37.2,37.24 1 0
quebrada_api/internal/infrastructure/repositories/generic_repository.go:33.21,35.3 1 0
quebrada_api/internal/infrastructure/repositories/generic_repository.go:41.47,44.2 2 0
quebrada_api/internal/infrastructure/repositories/generic_repository.go:46.47,47.23 1 0
quebrada_api/internal/infrastructure/repositories/generic_repository.go:50.53,55.2 3 0
quebrada_api/internal/infrastructure/repositories/generic_repository.go:57.77,63.16 3 0
quebrada_api/internal/infrastructure/repositories/generic_repository.go:68.2,69.29 2 0
quebrada_api/internal/infrastructure/repositories/generic_repository.go:73.2,73.20 1 0
quebrada_api/internal/infrastructure/repositories/generic_repository.go:63.16,65.3 1 0
quebrada_api/internal/infrastructure/repositories/generic_repository.go:69.29,71.3 1 0
quebrada_api/ioc/infrastructure_provider.go:9.64,11.2 1 0
quebrada_api/ioc/infrastructure_provider.go:13.73,15.2 1 0
quebrada_api/internal/app/models/auth.go:13.41,17.2 1 0
quebrada_api/internal/app/models/auth.go:25.48,31.2 1 0
quebrada_api/internal/app/models/auth.go:38.48,43.2 1 0
quebrada_api/internal/app/models/auth.go:54.39,61.2 1 0
quebrada_api/internal/app/models/auth.go:68.43,73.2 1 0
quebrada_api/ioc/repository_provider.go:10.85,12.2 1 0
quebrada_api/internal/domain/services/auth_service.go:48.16,55.2 1 0
quebrada_api/internal/domain/services/auth_service.go:57.60,59.25 2 0
quebrada_api/internal/domain/services/auth_service.go:64.2,65.16 2 0
quebrada_api/internal/domain/services/auth_service.go:69.2,75.16 5 0
quebrada_api/internal/domain/services/auth_service.go:80.2,80.12 1 0
quebrada_api/internal/domain/services/auth_service.go:87.2,87.12 1 0
quebrada_api/internal/domain/services/auth_service.go:59.25,62.3 2 0
quebrada_api/internal/domain/services/auth_service.go:65.16,68.3 2 0
quebrada_api/internal/domain/services/auth_service.go:75.16,78.3 2 0
quebrada_api/internal/domain/services/auth_service.go:80.12,82.17 2 0
quebrada_api/internal/domain/services/auth_service.go:82.17,84.4 1 0
quebrada_api/internal/domain/services/auth_service.go:90.60,92.2 1 0
quebrada_api/internal/domain/services/auth_service.go:94.53,96.2 1 0
quebrada_api/internal/domain/services/auth_service.go:98.86,100.16 2 0
quebrada_api/internal/domain/services/auth_service.go:104.2,105.16 2 0
quebrada_api/internal/domain/services/auth_service.go:110.2,110.39 1 0
quebrada_api/internal/domain/services/auth_service.go:114.2,114.18 1 0
quebrada_api/internal/domain/services/auth_service.go:100.16,102.3 1 0
quebrada_api/internal/domain/services/auth_service.go:105.16,108.3 2 0
quebrada_api/internal/domain/services/auth_service.go:110.39,112.3 1 0
quebrada_api/internal/domain/services/auth_service.go:117.72,119.16 2 0
quebrada_api/internal/domain/services/auth_service.go:122.2,122.22 1 0
quebrada_api/internal/domain/services/auth_service.go:119.16,121.3 1 0
quebrada_api/internal/domain/services/auth_service.go:122.22,124.3 1 0
quebrada_api/internal/domain/services/auth_service.go:124.8,126.3 1 0
quebrada_api/internal/domain/services/auth_service.go:129.80,132.16 2 0
quebrada_api/internal/domain/services/auth_service.go:136.2,140.29 3 0
quebrada_api/internal/domain/services/auth_service.go:132.16,134.3 1 0
quebrada_api/internal/domain/services/auth_service.go:143.91,145.16 2 0
quebrada_api/internal/domain/services/auth_service.go:149.2,149.30 1 0
quebrada_api/internal/domain/services/auth_service.go:145.16,147.3 1 0
quebrada_api/internal/domain/services/auth_service.go:149.30,151.17 2 0
quebrada_api/internal/domain/services/auth_service.go:154.3,156.13 3 0
quebrada_api/internal/domain/services/auth_service.go:151.17,153.4 1 0
quebrada_api/internal/domain/services/auth_service.go:157.8,159.3 1 0
quebrada_api/internal/domain/services/auth_service.go:162.80,167.16 5 0
quebrada_api/internal/domain/services/auth_service.go:170.2,170.12 1 0
quebrada_api/internal/domain/services/auth_service.go:167.16,169.3 1 0
quebrada_api/internal/domain/services/auth_service.go:173.69,176.21 3 0
quebrada_api/internal/domain/services/auth_service.go:179.2,179.36 1 0
quebrada_api/internal/domain/services/auth_service.go:183.2,186.17 4 0
quebrada_api/internal/domain/services/auth_service.go:176.21,178.3 1 0
quebrada_api/internal/domain/services/auth_service.go:179.36,181.3 1 0
quebrada_api/internal/domain/services/auth_service.go:206.67,208.16 2 0
quebrada_api/internal/domain/services/auth_service.go:211.2,211.28 1 0
quebrada_api/internal/domain/services/auth_service.go:208.16,210.3 1 0
quebrada_api/migrations/migrate.go:9.33,14.16 3 0
quebrada_api/migrations/migrate.go:19.2,22.40 4 0
quebrada_api/migrations/migrate.go:14.16,16.38 2 0
quebrada_api/internal/domain/spec/user_spec.go:4.42,6.2 1 1
quebrada_api/internal/domain/spec/user_spec.go:8.55,10.2 1 1
quebrada_api/internal/domain/spec/user_spec.go:12.49,14.2 1 0
quebrada_api/pkg/logger/logrus.go:7.32,9.2 1 0
quebrada_api/pkg/logger/logrus.go:11.49,13.2 1 0
quebrada_api/pkg/logger/logrus.go:15.31,17.2 1 0
quebrada_api/pkg/logger/logrus.go:19.48,21.2 1 0
quebrada_api/pkg/logger/logrus.go:23.31,25.2 1 0
quebrada_api/pkg/logger/logrus.go:27.48,29.2 1 0
quebrada_api/pkg/logger/logrus.go:31.32,33.2 1 0
quebrada_api/pkg/logger/logrus.go:35.49,37.2 1 0
quebrada_api/pkg/identity/password_hasher.go:18.53,20.2 1 0
quebrada_api/pkg/identity/password_hasher.go:22.72,24.56 2 0
quebrada_api/pkg/identity/password_hasher.go:28.2,28.57 1 0
quebrada_api/pkg/identity/password_hasher.go:24.56,26.3 1 0
quebrada_api/pkg/identity/password_hasher.go:31.85,33.16 2 0
quebrada_api/pkg/identity/password_hasher.go:36.2,36.28 1 0
quebrada_api/pkg/identity/password_hasher.go:39.2,39.12 1 0
quebrada_api/pkg/identity/password_hasher.go:33.16,35.3 1 0
quebrada_api/pkg/identity/password_hasher.go:36.28,38.3 1 0
quebrada_api/internal/infrastructure/senders/email_sender.go:16.60,20.2 1 0
quebrada_api/internal/infrastructure/senders/email_sender.go:22.103,24.16 2 0
quebrada_api/internal/infrastructure/senders/email_sender.go:30.2,31.44 2 0
quebrada_api/internal/infrastructure/senders/email_sender.go:34.2,35.18 2 0
quebrada_api/internal/infrastructure/senders/email_sender.go:24.16,28.3 2 0
quebrada_api/internal/infrastructure/senders/email_sender.go:31.44,33.3 1 0
quebrada_api/internal/infrastructure/senders/email_sender.go:38.40,40.2 1 0
quebrada_api/internal/infrastructure/senders/email_sender.go:42.98,43.37 1 0
quebrada_api/internal/infrastructure/senders/email_sender.go:47.2,48.16 2 0
quebrada_api/internal/infrastructure/senders/email_sender.go:52.2,59.48 7 0
quebrada_api/internal/infrastructure/senders/email_sender.go:63.2,63.12 1 0
quebrada_api/internal/infrastructure/senders/email_sender.go:43.37,45.3 1 0
quebrada_api/internal/infrastructure/senders/email_sender.go:48.16,50.3 1 0
quebrada_api/internal/infrastructure/senders/email_sender.go:59.48,61.3 1 0
quebrada_api/internal/mapper/user_mapping.go:8.55,15.2 1 0
quebrada_api/internal/app/controllers/controller_base.go:11.72,13.2 1 0
quebrada_api/internal/app/controllers/controller_base.go:15.64,18.43 2 0
quebrada_api/internal/app/controllers/controller_base.go:22.2,23.16 2 0
quebrada_api/internal/app/controllers/controller_base.go:31.2,31.19 1 0
quebrada_api/internal/app/controllers/controller_base.go:18.43,20.3 1 0
quebrada_api/internal/app/controllers/controller_base.go:23.16,29.3 2 0
quebrada_api/pkg/identity/token_manager.go:24.66,29.2 1 0
quebrada_api/pkg/identity/token_manager.go:31.73,34.34 2 0
quebrada_api/pkg/identity/token_manager.go:38.2,50.16 3 0
quebrada_api/pkg/identity/token_manager.go:54.2,54.19 1 0
quebrada_api/pkg/identity/token_manager.go:34.34,36.3 1 0
quebrada_api/pkg/identity/token_manager.go:50.16,52.3 1 0
quebrada_api/pkg/identity/token_manager.go:57.73,59.96 2 0
quebrada_api/pkg/identity/token_manager.go:62.2,62.16 1 0
quebrada_api/pkg/identity/token_manager.go:65.2,65.16 1 0
quebrada_api/pkg/identity/token_manager.go:68.2,68.21 1 0
quebrada_api/pkg/identity/token_manager.go:59.96,61.3 1 0
quebrada_api/pkg/identity/token_manager.go:62.16,64.3 1 0
quebrada_api/pkg/identity/token_manager.go:65.16,67.3 1 0
quebrada_api/internal/domain/services/auth_service.go:48.16,55.2 1 0
quebrada_api/internal/domain/services/auth_service.go:57.60,59.25 2 0
quebrada_api/internal/domain/services/auth_service.go:64.2,65.16 2 0
quebrada_api/internal/domain/services/auth_service.go:69.2,75.16 5 0
quebrada_api/internal/domain/services/auth_service.go:80.2,80.12 1 0
quebrada_api/internal/domain/services/auth_service.go:87.2,87.12 1 0
quebrada_api/internal/domain/services/auth_service.go:59.25,62.3 2 0
quebrada_api/internal/domain/services/auth_service.go:65.16,68.3 2 0
quebrada_api/internal/domain/services/auth_service.go:75.16,78.3 2 0
quebrada_api/internal/domain/services/auth_service.go:80.12,82.17 2 0
quebrada_api/internal/domain/services/auth_service.go:82.17,84.4 1 0
quebrada_api/internal/domain/services/auth_service.go:90.60,92.2 1 0
quebrada_api/internal/domain/services/auth_service.go:94.53,96.2 1 0
quebrada_api/internal/domain/services/auth_service.go:98.86,100.16 2 0
quebrada_api/internal/domain/services/auth_service.go:104.2,105.16 2 0
quebrada_api/internal/domain/services/auth_service.go:110.2,110.39 1 0
quebrada_api/internal/domain/services/auth_service.go:114.2,114.18 1 0
quebrada_api/internal/domain/services/auth_service.go:100.16,102.3 1 0
quebrada_api/internal/domain/services/auth_service.go:105.16,108.3 2 0
quebrada_api/internal/domain/services/auth_service.go:110.39,112.3 1 0
quebrada_api/internal/domain/services/auth_service.go:117.72,119.16 2 0
quebrada_api/internal/domain/services/auth_service.go:122.2,122.22 1 0
quebrada_api/internal/domain/services/auth_service.go:119.16,121.3 1 0
quebrada_api/internal/domain/services/auth_service.go:122.22,124.3 1 0
quebrada_api/internal/domain/services/auth_service.go:124.8,126.3 1 0
quebrada_api/internal/domain/services/auth_service.go:129.80,132.16 2 0
quebrada_api/internal/domain/services/auth_service.go:136.2,140.29 3 0
quebrada_api/internal/domain/services/auth_service.go:132.16,134.3 1 0
quebrada_api/internal/domain/services/auth_service.go:143.91,145.16 2 0
quebrada_api/internal/domain/services/auth_service.go:149.2,149.30 1 0
quebrada_api/internal/domain/services/auth_service.go:145.16,147.3 1 0
quebrada_api/internal/domain/services/auth_service.go:149.30,151.17 2 0
quebrada_api/internal/domain/services/auth_service.go:154.3,156.13 3 0
quebrada_api/internal/domain/services/auth_service.go:151.17,153.4 1 0
quebrada_api/internal/domain/services/auth_service.go:157.8,159.3 1 0
quebrada_api/internal/domain/services/auth_service.go:162.80,167.16 5 0
quebrada_api/internal/domain/services/auth_service.go:170.2,170.12 1 0
quebrada_api/internal/domain/services/auth_service.go:167.16,169.3 1 0
quebrada_api/internal/domain/services/auth_service.go:173.69,176.21 3 0
quebrada_api/internal/domain/services/auth_service.go:179.2,179.36 1 0
quebrada_api/internal/domain/services/auth_service.go:183.2,186.17 4 0
quebrada_api/internal/domain/services/auth_service.go:176.21,178.3 1 0
quebrada_api/internal/domain/services/auth_service.go:179.36,181.3 1 0
quebrada_api/internal/domain/services/auth_service.go:206.67,208.16 2 0
quebrada_api/internal/domain/services/auth_service.go:211.2,211.28 1 0
quebrada_api/internal/domain/services/auth_service.go:208.16,210.3 1 0
quebrada_api/internal/infrastructure/repositories/generic_repository.go:12.46,18.16 4 0
quebrada_api/internal/infrastructure/repositories/generic_repository.go:22.2,23.29 2 0
quebrada_api/internal/infrastructure/repositories/generic_repository.go:27.2,27.20 1 0
quebrada_api/internal/infrastructure/repositories/generic_repository.go:18.16,20.3 1 0
quebrada_api/internal/infrastructure/repositories/generic_repository.go:23.29,25.3 1 0
quebrada_api/internal/infrastructure/repositories/generic_repository.go:30.59,33.21 3 0
quebrada_api/internal/infrastructure/repositories/generic_repository.go:37.2,37.24 1 0
quebrada_api/internal/infrastructure/repositories/generic_repository.go:33.21,35.3 1 0
quebrada_api/internal/infrastructure/repositories/generic_repository.go:41.47,44.2 2 0
quebrada_api/internal/infrastructure/repositories/generic_repository.go:46.47,47.23 1 0
quebrada_api/internal/infrastructure/repositories/generic_repository.go:50.53,55.2 3 0
quebrada_api/internal/infrastructure/repositories/generic_repository.go:57.77,63.16 3 0
quebrada_api/internal/infrastructure/repositories/generic_repository.go:68.2,69.29 2 0
quebrada_api/internal/infrastructure/repositories/generic_repository.go:73.2,73.20 1 0
quebrada_api/internal/infrastructure/repositories/generic_repository.go:63.16,65.3 1 0
quebrada_api/internal/infrastructure/repositories/generic_repository.go:69.29,71.3 1 0
quebrada_api/internal/domain/spec/specification.go:18.46,21.40 2 0
quebrada_api/internal/domain/spec/specification.go:25.2,25.64 1 0
quebrada_api/internal/domain/spec/specification.go:21.40,23.3 1 0
quebrada_api/internal/domain/spec/specification.go:28.46,31.40 2 0
quebrada_api/internal/domain/spec/specification.go:35.2,35.15 1 0
quebrada_api/internal/domain/spec/specification.go:31.40,33.3 1 0
quebrada_api/internal/domain/spec/specification.go:38.57,43.2 1 0
quebrada_api/internal/domain/spec/specification.go:45.56,50.2 1 0
quebrada_api/internal/domain/spec/specification.go:56.45,58.2 1 0
quebrada_api/internal/domain/spec/specification.go:60.53,64.2 1 0
quebrada_api/internal/domain/spec/specification.go:72.59,74.2 1 0
quebrada_api/internal/domain/spec/specification.go:76.59,78.2 1 0
quebrada_api/internal/domain/spec/specification.go:80.56,86.2 1 0
quebrada_api/internal/domain/spec/specification.go:88.69,94.2 1 0
quebrada_api/internal/domain/spec/specification.go:96.72,102.2 1 0
quebrada_api/internal/domain/spec/specification.go:104.66,110.2 1 0
quebrada_api/internal/domain/spec/specification.go:112.69,118.2 1 0
quebrada_api/internal/domain/spec/specification.go:120.55,126.2 1 0
quebrada_api/internal/domain/spec/specification.go:130.48,132.2 1 0
quebrada_api/internal/domain/spec/specification.go:134.48,136.2 1 0
quebrada_api/internal/domain/spec/specification.go:138.41,140.2 1 0
quebrada_api/internal/app/controllers/authentication_controller.go:22.54,27.2 1 0
quebrada_api/internal/app/controllers/authentication_controller.go:41.48,44.16 2 0
quebrada_api/internal/app/controllers/authentication_controller.go:49.2,50.16 2 0
quebrada_api/internal/app/controllers/authentication_controller.go:54.2,55.16 2 0
quebrada_api/internal/app/controllers/authentication_controller.go:60.2,60.65 1 0
quebrada_api/internal/app/controllers/authentication_controller.go:44.16,47.3 2 0
quebrada_api/internal/app/controllers/authentication_controller.go:50.16,52.3 1 0
quebrada_api/internal/app/controllers/authentication_controller.go:55.16,58.3 2 0
quebrada_api/internal/app/controllers/authentication_controller.go:75.48,78.16 2 0
quebrada_api/internal/app/controllers/authentication_controller.go:82.2,82.45 1 0
quebrada_api/internal/app/controllers/authentication_controller.go:94.2,97.16 3 0
quebrada_api/internal/app/controllers/authentication_controller.go:102.2,102.80 1 0
quebrada_api/internal/app/controllers/authentication_controller.go:78.16,80.3 1 0
quebrada_api/internal/app/controllers/authentication_controller.go:82.45,92.3 2 0
quebrada_api/internal/app/controllers/authentication_controller.go:97.16,100.3 2 0
quebrada_api/internal/app/controllers/authentication_controller.go:117.58,120.16 2 0
quebrada_api/internal/app/controllers/authentication_controller.go:124.2,125.16 2 0
quebrada_api/internal/app/controllers/authentication_controller.go:130.2,130.85 1 0
quebrada_api/internal/app/controllers/authentication_controller.go:120.16,122.3 1 0
quebrada_api/internal/app/controllers/authentication_controller.go:125.16,128.3 2 0
quebrada_api/internal/app/controllers/authentication_controller.go:145.55,148.16 2 0
quebrada_api/internal/app/controllers/authentication_controller.go:152.2,153.16 2 0
quebrada_api/internal/app/controllers/authentication_controller.go:158.2,158.30 1 0
quebrada_api/internal/app/controllers/authentication_controller.go:148.16,150.3 1 0
quebrada_api/internal/app/controllers/authentication_controller.go:153.16,156.3 2 0
quebrada_api/internal/app/controllers/authentication_controller.go:173.62,176.16 2 0
quebrada_api/internal/app/controllers/authentication_controller.go:180.2,181.16 2 0
quebrada_api/internal/app/controllers/authentication_controller.go:186.2,186.27 1 0
quebrada_api/internal/app/controllers/authentication_controller.go:176.16,178.3 1 0
quebrada_api/internal/app/controllers/authentication_controller.go:181.16,184.3 2 0
quebrada_api/ioc/controller_provider.go:11.66,13.2 1 0
quebrada_api/ioc/repository_provider.go:10.85,12.2 1 0
quebrada_api/pkg/logger/logrus.go:7.32,9.2 1 0
quebrada_api/pkg/logger/logrus.go:11.49,13.2 1 0
quebrada_api/pkg/logger/logrus.go:15.31,17.2 1 0
quebrada_api/pkg/logger/logrus.go:19.48,21.2 1 0
quebrada_api/pkg/logger/logrus.go:23.31,25.2 1 0
quebrada_api/pkg/logger/logrus.go:27.48,29.2 1 0
quebrada_api/pkg/logger/logrus.go:31.32,33.2 1 0
quebrada_api/pkg/logger/logrus.go:35.49,37.2 1 0
quebrada_api/ioc/infrastructure_provider.go:9.64,11.2 1 0
quebrada_api/ioc/infrastructure_provider.go:13.73,15.2 1 0
quebrada_api/internal/domain/spec/user_spec.go:4.42,6.2 1 0
quebrada_api/internal/domain/spec/user_spec.go:8.55,10.2 1 0
quebrada_api/internal/domain/spec/user_spec.go:12.49,14.2 1 0
quebrada_api/internal/mapper/user_mapping.go:8.55,15.2 1 0
quebrada_api/internal/app/router/authentication_routes.go:7.55,9.2 2 0
quebrada_api/internal/app/router/authentication_routes.go:9.2,15.3 5 0
quebrada_api/ioc/service_provider.go:16.48,18.2 1 0
quebrada_api/internal/config/config.go:36.47,39.40 2 1
quebrada_api/internal/config/config.go:43.2,45.18 2 1
quebrada_api/internal/config/config.go:39.40,41.3 1 0
quebrada_api/internal/config/config.go:48.35,51.2 1 1
quebrada_api/internal/config/config.go:53.30,68.2 6 1
quebrada_api/internal/domain/domain_errors/auth_error.go:5.46,7.2 1 0
quebrada_api/internal/domain/domain_errors/auth_error.go:11.41,13.2 1 0
quebrada_api/internal/domain/domain_errors/auth_error.go:17.39,19.2 1 0
quebrada_api/pkg/identity/password_hasher.go:18.53,20.2 1 0
quebrada_api/pkg/identity/password_hasher.go:22.72,24.56 2 0
quebrada_api/pkg/identity/password_hasher.go:28.2,28.57 1 0
quebrada_api/pkg/identity/password_hasher.go:24.56,26.3 1 0
quebrada_api/pkg/identity/password_hasher.go:31.85,33.16 2 0
quebrada_api/pkg/identity/password_hasher.go:36.2,36.28 1 0
quebrada_api/pkg/identity/password_hasher.go:39.2,39.12 1 0
quebrada_api/pkg/identity/password_hasher.go:33.16,35.3 1 0
quebrada_api/pkg/identity/password_hasher.go:36.28,38.3 1 0
quebrada_api/internal/app/controllers/controller_base.go:11.72,13.2 1 0
quebrada_api/internal/app/controllers/controller_base.go:15.64,18.43 2 0
quebrada_api/internal/app/controllers/controller_base.go:22.2,23.16 2 0
quebrada_api/internal/app/controllers/controller_base.go:31.2,31.19 1 0
quebrada_api/internal/app/controllers/controller_base.go:18.43,20.3 1 0
quebrada_api/internal/app/controllers/controller_base.go:23.16,29.3 2 0
quebrada_api/internal/app/models/auth.go:13.41,17.2 1 0
quebrada_api/internal/app/models/auth.go:25.48,31.2 1 0
quebrada_api/internal/app/models/auth.go:38.48,43.2 1 0
quebrada_api/internal/app/models/auth.go:54.39,61.2 1 0
quebrada_api/internal/app/models/auth.go:68.43,73.2 1 0
quebrada_api/internal/infrastructure/senders/email_sender.go:16.60,20.2 1 0
quebrada_api/internal/infrastructure/senders/email_sender.go:22.103,24.16 2 0
quebrada_api/internal/infrastructure/senders/email_sender.go:30.2,31.44 2 0
quebrada_api/internal/infrastructure/senders/email_sender.go:34.2,35.18 2 0
quebrada_api/internal/infrastructure/senders/email_sender.go:24.16,28.3 2 0
quebrada_api/internal/infrastructure/senders/email_sender.go:31.44,33.3 1 0
quebrada_api/internal/infrastructure/senders/email_sender.go:38.40,40.2 1 0
quebrada_api/internal/infrastructure/senders/email_sender.go:42.98,43.37 1 0
quebrada_api/internal/infrastructure/senders/email_sender.go:47.2,48.16 2 0
quebrada_api/internal/infrastructure/senders/email_sender.go:52.2,59.48 7 0
quebrada_api/internal/infrastructure/senders/email_sender.go:63.2,63.12 1 0
quebrada_api/internal/infrastructure/senders/email_sender.go:43.37,45.3 1 0
quebrada_api/internal/infrastructure/senders/email_sender.go:48.16,50.3 1 0
quebrada_api/internal/infrastructure/senders/email_sender.go:59.48,61.3 1 0
quebrada_api/internal/app/router/router.go:19.45,21.2 2 0
quebrada_api/internal/app/router/router.go:21.2,23.3 1 0
quebrada_api/migrations/migrate.go:9.33,14.16 3 0
quebrada_api/migrations/migrate.go:19.2,22.40 4 0
quebrada_api/migrations/migrate.go:14.16,16.38 2 0
quebrada_api/ioc/service_provider.go:16.48,18.2 1 0
quebrada_api/pkg/identity/token_manager.go:24.66,29.2 1 0
quebrada_api/pkg/identity/token_manager.go:31.73,34.34 2 0
quebrada_api/pkg/identity/token_manager.go:38.2,50.16 3 0
quebrada_api/pkg/identity/token_manager.go:54.2,54.19 1 0
quebrada_api/pkg/identity/token_manager.go:34.34,36.3 1 0
quebrada_api/pkg/identity/token_manager.go:50.16,52.3 1 0
quebrada_api/pkg/identity/token_manager.go:57.73,59.96 2 0
quebrada_api/pkg/identity/token_manager.go:62.2,62.16 1 0
quebrada_api/pkg/identity/token_manager.go:65.2,65.16 1 0
quebrada_api/pkg/identity/token_manager.go:68.2,68.21 1 0
quebrada_api/pkg/identity/token_manager.go:59.96,61.3 1 0
quebrada_api/pkg/identity/token_manager.go:62.16,64.3 1 0
quebrada_api/pkg/identity/token_manager.go:65.16,67.3 1 0
quebrada_api/internal/app/controllers/authentication_controller.go:22.54,27.2 1 0
quebrada_api/internal/app/controllers/authentication_controller.go:41.48,44.16 2 0
quebrada_api/internal/app/controllers/authentication_controller.go:49.2,50.16 2 0
quebrada_api/internal/app/controllers/authentication_controller.go:54.2,55.16 2 0
quebrada_api/internal/app/controllers/authentication_controller.go:60.2,60.65 1 0
quebrada_api/internal/app/controllers/authentication_controller.go:44.16,47.3 2 0
quebrada_api/internal/app/controllers/authentication_controller.go:50.16,52.3 1 0
quebrada_api/internal/app/controllers/authentication_controller.go:55.16,58.3 2 0
quebrada_api/internal/app/controllers/authentication_controller.go:75.48,78.16 2 0
quebrada_api/internal/app/controllers/authentication_controller.go:82.2,82.45 1 0
quebrada_api/internal/app/controllers/authentication_controller.go:94.2,97.16 3 0
quebrada_api/internal/app/controllers/authentication_controller.go:102.2,102.80 1 0
quebrada_api/internal/app/controllers/authentication_controller.go:78.16,80.3 1 0
quebrada_api/internal/app/controllers/authentication_controller.go:82.45,92.3 2 0
quebrada_api/internal/app/controllers/authentication_controller.go:97.16,100.3 2 0
quebrada_api/internal/app/controllers/authentication_controller.go:117.58,120.16 2 0
quebrada_api/internal/app/controllers/authentication_controller.go:124.2,125.16 2 0
quebrada_api/internal/app/controllers/authentication_controller.go:130.2,130.85 1 0
quebrada_api/internal/app/controllers/authentication_controller.go:120.16,122.3 1 0
quebrada_api/internal/app/controllers/authentication_controller.go:125.16,128.3 2 0
quebrada_api/internal/app/controllers/authentication_controller.go:145.55,148.16 2 0
quebrada_api/internal/app/controllers/authentication_controller.go:152.2,153.16 2 0
quebrada_api/internal/app/controllers/authentication_controller.go:158.2,158.30 1 0
quebrada_api/internal/app/controllers/authentication_controller.go:148.16,150.3 1 0
quebrada_api/internal/app/controllers/authentication_controller.go:153.16,156.3 2 0
quebrada_api/internal/app/controllers/authentication_controller.go:173.62,176.16 2 0
quebrada_api/internal/app/controllers/authentication_controller.go:180.2,181.16 2 0
quebrada_api/internal/app/controllers/authentication_controller.go:186.2,186.27 1 0
quebrada_api/internal/app/controllers/authentication_controller.go:176.16,178.3 1 0
quebrada_api/internal/app/controllers/authentication_controller.go:181.16,184.3 2 0
quebrada_api/internal/app/router/authentication_routes.go:7.55,9.2 2 0
quebrada_api/internal/app/router/authentication_routes.go:9.2,15.3 5 0
quebrada_api/ioc/controller_provider.go:11.66,13.2 1 0
quebrada_api/ioc/infrastructure_provider.go:9.64,11.2 1 0
quebrada_api/ioc/infrastructure_provider.go:13.73,15.2 1 0
quebrada_api/migrations/migrate.go:9.33,14.16 3 0
quebrada_api/migrations/migrate.go:19.2,22.40 4 0
quebrada_api/migrations/migrate.go:14.16,16.38 2 0
quebrada_api/pkg/logger/logrus.go:7.32,9.2 1 0
quebrada_api/pkg/logger/logrus.go:11.49,13.2 1 0
quebrada_api/pkg/logger/logrus.go:15.31,17.2 1 0
quebrada_api/pkg/logger/logrus.go:19.48,21.2 1 0
quebrada_api/pkg/logger/logrus.go:23.31,25.2 1 0
quebrada_api/pkg/logger/logrus.go:27.48,29.2 1 0
quebrada_api/pkg/logger/logrus.go:31.32,33.2 1 0
quebrada_api/pkg/logger/logrus.go:35.49,37.2 1 0
quebrada_api/internal/mapper/user_mapping.go:8.55,15.2 1 0
quebrada_api/internal/domain/domain_errors/auth_error.go:5.46,7.2 1 0
quebrada_api/internal/domain/domain_errors/auth_error.go:11.41,13.2 1 0
quebrada_api/internal/domain/domain_errors/auth_error.go:17.39,19.2 1 0
quebrada_api/internal/app/controllers/controller_base.go:11.72,13.2 1 0
quebrada_api/internal/app/controllers/controller_base.go:15.64,18.43 2 0
quebrada_api/internal/app/controllers/controller_base.go:22.2,23.16 2 0
quebrada_api/internal/app/controllers/controller_base.go:31.2,31.19 1 0
quebrada_api/internal/app/controllers/controller_base.go:18.43,20.3 1 0
quebrada_api/internal/app/controllers/controller_base.go:23.16,29.3 2 0
quebrada_api/pkg/identity/password_hasher.go:18.53,20.2 1 0
quebrada_api/pkg/identity/password_hasher.go:22.72,24.56 2 0
quebrada_api/pkg/identity/password_hasher.go:28.2,28.57 1 0
quebrada_api/pkg/identity/password_hasher.go:24.56,26.3 1 0
quebrada_api/pkg/identity/password_hasher.go:31.85,33.16 2 0
quebrada_api/pkg/identity/password_hasher.go:36.2,36.28 1 0
quebrada_api/pkg/identity/password_hasher.go:39.2,39.12 1 0
quebrada_api/pkg/identity/password_hasher.go:33.16,35.3 1 0
quebrada_api/pkg/identity/password_hasher.go:36.28,38.3 1 0
quebrada_api/internal/domain/services/auth_service.go:48.16,55.2 1 0
quebrada_api/internal/domain/services/auth_service.go:57.60,59.25 2 0
quebrada_api/internal/domain/services/auth_service.go:64.2,65.16 2 0
quebrada_api/internal/domain/services/auth_service.go:69.2,75.16 5 0
quebrada_api/internal/domain/services/auth_service.go:80.2,80.12 1 0
quebrada_api/internal/domain/services/auth_service.go:87.2,87.12 1 0
quebrada_api/internal/domain/services/auth_service.go:59.25,62.3 2 0
quebrada_api/internal/domain/services/auth_service.go:65.16,68.3 2 0
quebrada_api/internal/domain/services/auth_service.go:75.16,78.3 2 0
quebrada_api/internal/domain/services/auth_service.go:80.12,82.17 2 0
quebrada_api/internal/domain/services/auth_service.go:82.17,84.4 1 0
quebrada_api/internal/domain/services/auth_service.go:90.60,92.2 1 0
quebrada_api/internal/domain/services/auth_service.go:94.53,96.2 1 0
quebrada_api/internal/domain/services/auth_service.go:98.86,100.16 2 0
quebrada_api/internal/domain/services/auth_service.go:104.2,105.16 2 0
quebrada_api/internal/domain/services/auth_service.go:110.2,110.39 1 0
quebrada_api/internal/domain/services/auth_service.go:114.2,114.18 1 0
quebrada_api/internal/domain/services/auth_service.go:100.16,102.3 1 0
quebrada_api/internal/domain/services/auth_service.go:105.16,108.3 2 0
quebrada_api/internal/domain/services/auth_service.go:110.39,112.3 1 0
quebrada_api/internal/domain/services/auth_service.go:117.72,119.16 2 0
quebrada_api/internal/domain/services/auth_service.go:122.2,122.22 1 0
quebrada_api/internal/domain/services/auth_service.go:119.16,121.3 1 0
quebrada_api/internal/domain/services/auth_service.go:122.22,124.3 1 0
quebrada_api/internal/domain/services/auth_service.go:124.8,126.3 1 0
quebrada_api/internal/domain/services/auth_service.go:129.80,132.16 2 0
quebrada_api/internal/domain/services/auth_service.go:136.2,140.29 3 0
quebrada_api/internal/domain/services/auth_service.go:132.16,134.3 1 0
quebrada_api/internal/domain/services/auth_service.go:143.91,145.16 2 0
quebrada_api/internal/domain/services/auth_service.go:149.2,149.30 1 0
quebrada_api/internal/domain/services/auth_service.go:145.16,147.3 1 0
quebrada_api/internal/domain/services/auth_service.go:149.30,151.17 2 0
quebrada_api/internal/domain/services/auth_service.go:154.3,156.13 3 0
quebrada_api/internal/domain/services/auth_service.go:151.17,153.4 1 0
quebrada_api/internal/domain/services/auth_service.go:157.8,159.3 1 0
quebrada_api/internal/domain/services/auth_service.go:162.80,167.16 5 0
quebrada_api/internal/domain/services/auth_service.go:170.2,170.12 1 0
quebrada_api/internal/domain/services/auth_service.go:167.16,169.3 1 0
quebrada_api/internal/domain/services/auth_service.go:173.69,176.21 3 0
quebrada_api/internal/domain/services/auth_service.go:179.2,179.36 1 0
quebrada_api/internal/domain/services/auth_service.go:183.2,186.17 4 0
quebrada_api/internal/domain/services/auth_service.go:176.21,178.3 1 0
quebrada_api/internal/domain/services/auth_service.go:179.36,181.3 1 0
quebrada_api/internal/domain/services/auth_service.go:206.67,208.16 2 0
quebrada_api/internal/domain/services/auth_service.go:211.2,211.28 1 0
quebrada_api/internal/domain/services/auth_service.go:208.16,210.3 1 0
quebrada_api/internal/domain/spec/user_spec.go:4.42,6.2 1 0
quebrada_api/internal/domain/spec/user_spec.go:8.55,10.2 1 0
quebrada_api/internal/domain/spec/user_spec.go:12.49,14.2 1 0
quebrada_api/internal/config/config.go:36.47,39.40 2 0
quebrada_api/internal/config/config.go:43.2,45.18 2 0
quebrada_api/internal/config/config.go:39.40,41.3 1 0
quebrada_api/internal/config/config.go:48.35,51.2 1 0
quebrada_api/internal/config/config.go:53.30,68.2 6 0
quebrada_api/internal/infrastructure/senders/email_sender.go:16.60,20.2 1 0
quebrada_api/internal/infrastructure/senders/email_sender.go:22.103,24.16 2 0
quebrada_api/internal/infrastructure/senders/email_sender.go:30.2,31.44 2 0
quebrada_api/internal/infrastructure/senders/email_sender.go:34.2,35.18 2 0
quebrada_api/internal/infrastructure/senders/email_sender.go:24.16,28.3 2 0
quebrada_api/internal/infrastructure/senders/email_sender.go:31.44,33.3 1 0
quebrada_api/internal/infrastructure/senders/email_sender.go:38.40,40.2 1 0
quebrada_api/internal/infrastructure/senders/email_sender.go:42.98,43.37 1 0
quebrada_api/internal/infrastructure/senders/email_sender.go:47.2,48.16 2 0
quebrada_api/internal/infrastructure/senders/email_sender.go:52.2,59.48 7 0
quebrada_api/internal/infrastructure/senders/email_sender.go:63.2,63.12 1 0
quebrada_api/internal/infrastructure/senders/email_sender.go:43.37,45.3 1 0
quebrada_api/internal/infrastructure/senders/email_sender.go:48.16,50.3 1 0
quebrada_api/internal/infrastructure/senders/email_sender.go:59.48,61.3 1 0
quebrada_api/internal/domain/spec/specification.go:18.46,21.40 2 0
quebrada_api/internal/domain/spec/specification.go:25.2,25.64 1 0
quebrada_api/internal/domain/spec/specification.go:21.40,23.3 1 0
quebrada_api/internal/domain/spec/specification.go:28.46,31.40 2 0
quebrada_api/internal/domain/spec/specification.go:35.2,35.15 1 0
quebrada_api/internal/domain/spec/specification.go:31.40,33.3 1 0
quebrada_api/internal/domain/spec/specification.go:38.57,43.2 1 0
quebrada_api/internal/domain/spec/specification.go:45.56,50.2 1 0
quebrada_api/internal/domain/spec/specification.go:56.45,58.2 1 0
quebrada_api/internal/domain/spec/specification.go:60.53,64.2 1 0
quebrada_api/internal/domain/spec/specification.go:72.59,74.2 1 0
quebrada_api/internal/domain/spec/specification.go:76.59,78.2 1 0
quebrada_api/internal/domain/spec/specification.go:80.56,86.2 1 0
quebrada_api/internal/domain/spec/specification.go:88.69,94.2 1 0
quebrada_api/internal/domain/spec/specification.go:96.72,102.2 1 0
quebrada_api/internal/domain/spec/specification.go:104.66,110.2 1 0
quebrada_api/internal/domain/spec/specification.go:112.69,118.2 1 0
quebrada_api/internal/domain/spec/specification.go:120.55,126.2 1 0
quebrada_api/internal/domain/spec/specification.go:130.48,132.2 1 0
quebrada_api/internal/domain/spec/specification.go:134.48,136.2 1 0
quebrada_api/internal/domain/spec/specification.go:138.41,140.2 1 0
quebrada_api/internal/app/router/router.go:19.45,21.2 2 0
quebrada_api/internal/app/router/router.go:21.2,23.3 1 0
quebrada_api/internal/infrastructure/repositories/generic_repository.go:12.46,18.16 4 0
quebrada_api/internal/infrastructure/repositories/generic_repository.go:22.2,23.29 2 0
quebrada_api/internal/infrastructure/repositories/generic_repository.go:27.2,27.20 1 0
quebrada_api/internal/infrastructure/repositories/generic_repository.go:18.16,20.3 1 0
quebrada_api/internal/infrastructure/repositories/generic_repository.go:23.29,25.3 1 0
quebrada_api/internal/infrastructure/repositories/generic_repository.go:30.59,33.21 3 0
quebrada_api/internal/infrastructure/repositories/generic_repository.go:37.2,37.24 1 0
quebrada_api/internal/infrastructure/repositories/generic_repository.go:33.21,35.3 1 0
quebrada_api/internal/infrastructure/repositories/generic_repository.go:41.47,44.2 2 0
quebrada_api/internal/infrastructure/repositories/generic_repository.go:46.47,47.23 1 0
quebrada_api/internal/infrastructure/repositories/generic_repository.go:50.53,55.2 3 0
quebrada_api/internal/infrastructure/repositories/generic_repository.go:57.77,63.16 3 0
quebrada_api/internal/infrastructure/repositories/generic_repository.go:68.2,69.29 2 0
quebrada_api/internal/infrastructure/repositories/generic_repository.go:73.2,73.20 1 0
quebrada_api/internal/infrastructure/repositories/generic_repository.go:63.16,65.3 1 0
quebrada_api/internal/infrastructure/repositories/generic_repository.go:69.29,71.3 1 0
quebrada_api/ioc/repository_provider.go:10.85,12.2 1 0
quebrada_api/internal/app/models/auth.go:13.41,17.2 1 0
quebrada_api/internal/app/models/auth.go:25.48,31.2 1 0
quebrada_api/internal/app/models/auth.go:38.48,43.2 1 0
quebrada_api/internal/app/models/auth.go:54.39,61.2 1 0
quebrada_api/internal/app/models/auth.go:68.43,73.2 1 0
quebrada_api/internal/infrastructure/senders/email_sender.go:16.60,20.2 1 0
quebrada_api/internal/infrastructure/senders/email_sender.go:22.103,24.16 2 0
quebrada_api/internal/infrastructure/senders/email_sender.go:30.2,31.44 2 0
quebrada_api/internal/infrastructure/senders/email_sender.go:34.2,35.18 2 0
quebrada_api/internal/infrastructure/senders/email_sender.go:24.16,28.3 2 0
quebrada_api/internal/infrastructure/senders/email_sender.go:31.44,33.3 1 0
quebrada_api/internal/infrastructure/senders/email_sender.go:38.40,40.2 1 0
quebrada_api/internal/infrastructure/senders/email_sender.go:42.98,43.37 1 0
quebrada_api/internal/infrastructure/senders/email_sender.go:47.2,48.16 2 0
quebrada_api/internal/infrastructure/senders/email_sender.go:52.2,59.48 7 0
quebrada_api/internal/infrastructure/senders/email_sender.go:63.2,63.12 1 0
quebrada_api/internal/infrastructure/senders/email_sender.go:43.37,45.3 1 0
quebrada_api/internal/infrastructure/senders/email_sender.go:48.16,50.3 1 0
quebrada_api/internal/infrastructure/senders/email_sender.go:59.48,61.3 1 0
quebrada_api/ioc/infrastructure_provider.go:9.64,11.2 1 0
quebrada_api/ioc/infrastructure_provider.go:13.73,15.2 1 0
quebrada_api/ioc/controller_provider.go:11.66,13.2 1 0
quebrada_api/internal/domain/services/auth_service.go:48.16,55.2 1 1
quebrada_api/internal/domain/services/auth_service.go:57.60,59.25 2 0
quebrada_api/internal/domain/services/auth_service.go:64.2,65.16 2 0
quebrada_api/internal/domain/services/auth_service.go:69.2,75.16 5 0
quebrada_api/internal/domain/services/auth_service.go:80.2,80.12 1 0
quebrada_api/internal/domain/services/auth_service.go:87.2,87.12 1 0
quebrada_api/internal/domain/services/auth_service.go:59.25,62.3 2 0
quebrada_api/internal/domain/services/auth_service.go:65.16,68.3 2 0
quebrada_api/internal/domain/services/auth_service.go:75.16,78.3 2 0
quebrada_api/internal/domain/services/auth_service.go:80.12,82.17 2 0
quebrada_api/internal/domain/services/auth_service.go:82.17,84.4 1 0
quebrada_api/internal/domain/services/auth_service.go:90.60,92.2 1 0
quebrada_api/internal/domain/services/auth_service.go:94.53,96.2 1 0
quebrada_api/internal/domain/services/auth_service.go:98.86,100.16 2 0
quebrada_api/internal/domain/services/auth_service.go:104.2,105.16 2 0
quebrada_api/internal/domain/services/auth_service.go:110.2,110.39 1 0
quebrada_api/internal/domain/services/auth_service.go:114.2,114.18 1 0
quebrada_api/internal/domain/services/auth_service.go:100.16,102.3 1 0
quebrada_api/internal/domain/services/auth_service.go:105.16,108.3 2 0
quebrada_api/internal/domain/services/auth_service.go:110.39,112.3 1 0
quebrada_api/internal/domain/services/auth_service.go:117.72,119.16 2 0
quebrada_api/internal/domain/services/auth_service.go:122.2,122.22 1 0
quebrada_api/internal/domain/services/auth_service.go:119.16,121.3 1 0
quebrada_api/internal/domain/services/auth_service.go:122.22,124.3 1 0
quebrada_api/internal/domain/services/auth_service.go:124.8,126.3 1 0
quebrada_api/internal/domain/services/auth_service.go:129.80,132.16 2 0
quebrada_api/internal/domain/services/auth_service.go:136.2,140.29 3 0
quebrada_api/internal/domain/services/auth_service.go:132.16,134.3 1 0
quebrada_api/internal/domain/services/auth_service.go:143.91,145.16 2 0
quebrada_api/internal/domain/services/auth_service.go:149.2,149.30 1 0
quebrada_api/internal/domain/services/auth_service.go:145.16,147.3 1 0
quebrada_api/internal/domain/services/auth_service.go:149.30,151.17 2 0
quebrada_api/internal/domain/services/auth_service.go:154.3,156.13 3 0
quebrada_api/internal/domain/services/auth_service.go:151.17,153.4 1 0
quebrada_api/internal/domain/services/auth_service.go:157.8,159.3 1 0
quebrada_api/internal/domain/services/auth_service.go:162.80,167.16 5 0
quebrada_api/internal/domain/services/auth_service.go:170.2,170.12 1 0
quebrada_api/internal/domain/services/auth_service.go:167.16,169.3 1 0
quebrada_api/internal/domain/services/auth_service.go:173.69,176.21 3 0
quebrada_api/internal/domain/services/auth_service.go:179.2,179.36 1 0
quebrada_api/internal/domain/services/auth_service.go:183.2,186.17 4 0
quebrada_api/internal/domain/services/auth_service.go:176.21,178.3 1 0
quebrada_api/internal/domain/services/auth_service.go:179.36,181.3 1 0
quebrada_api/internal/domain/services/auth_service.go:206.67,208.16 2 1
quebrada_api/internal/domain/services/auth_service.go:211.2,211.28 1 1
quebrada_api/internal/domain/services/auth_service.go:208.16,210.3 1 0
quebrada_api/internal/mapper/user_mapping.go:8.55,15.2 1 0
quebrada_api/internal/app/router/authentication_routes.go:7.55,9.2 2 0
quebrada_api/internal/app/router/authentication_routes.go:9.2,15.3 5 0
quebrada_api/internal/app/router/router.go:19.45,21.2 2 0
quebrada_api/internal/app/router/router.go:21.2,23.3 1 0
quebrada_api/internal/infrastructure/repositories/generic_repository.go:12.46,18.16 4 0
quebrada_api/internal/infrastructure/repositories/generic_repository.go:22.2,23.29 2 0
quebrada_api/internal/infrastructure/repositories/generic_repository.go:27.2,27.20 1 0
quebrada_api/internal/infrastructure/repositories/generic_repository.go:18.16,20.3 1 0
quebrada_api/internal/infrastructure/repositories/generic_repository.go:23.29,25.3 1 0
quebrada_api/internal/infrastructure/repositories/generic_repository.go:30.59,33.21 3 0
quebrada_api/internal/infrastructure/repositories/generic_repository.go:37.2,37.24 1 0
quebrada_api/internal/infrastructure/repositories/generic_repository.go:33.21,35.3 1 0
quebrada_api/internal/infrastructure/repositories/generic_repository.go:41.47,44.2 2 0
quebrada_api/internal/infrastructure/repositories/generic_repository.go:46.47,47.23 1 0
quebrada_api/internal/infrastructure/repositories/generic_repository.go:50.53,55.2 3 0
quebrada_api/internal/infrastructure/repositories/generic_repository.go:57.77,63.16 3 1
quebrada_api/internal/infrastructure/repositories/generic_repository.go:68.2,69.29 2 1
quebrada_api/internal/infrastructure/repositories/generic_repository.go:73.2,73.20 1 1
quebrada_api/internal/infrastructure/repositories/generic_repository.go:63.16,65.3 1 0
quebrada_api/internal/infrastructure/repositories/generic_repository.go:69.29,71.3 1 1
quebrada_api/ioc/repository_provider.go:10.85,12.2 1 0
quebrada_api/pkg/identity/password_hasher.go:18.53,20.2 1 0
quebrada_api/pkg/identity/password_hasher.go:22.72,24.56 2 0
quebrada_api/pkg/identity/password_hasher.go:28.2,28.57 1 0
quebrada_api/pkg/identity/password_hasher.go:24.56,26.3 1 0
quebrada_api/pkg/identity/password_hasher.go:31.85,33.16 2 0
quebrada_api/pkg/identity/password_hasher.go:36.2,36.28 1 0
quebrada_api/pkg/identity/password_hasher.go:39.2,39.12 1 0
quebrada_api/pkg/identity/password_hasher.go:33.16,35.3 1 0
quebrada_api/pkg/identity/password_hasher.go:36.28,38.3 1 0
quebrada_api/pkg/identity/token_manager.go:24.66,29.2 1 0
quebrada_api/pkg/identity/token_manager.go:31.73,34.34 2 0
quebrada_api/pkg/identity/token_manager.go:38.2,50.16 3 0
quebrada_api/pkg/identity/token_manager.go:54.2,54.19 1 0
quebrada_api/pkg/identity/token_manager.go:34.34,36.3 1 0
quebrada_api/pkg/identity/token_manager.go:50.16,52.3 1 0
quebrada_api/pkg/identity/token_manager.go:57.73,59.96 2 0
quebrada_api/pkg/identity/token_manager.go:62.2,62.16 1 0
quebrada_api/pkg/identity/token_manager.go:65.2,65.16 1 0
quebrada_api/pkg/identity/token_manager.go:68.2,68.21 1 0
quebrada_api/pkg/identity/token_manager.go:59.96,61.3 1 0
quebrada_api/pkg/identity/token_manager.go:62.16,64.3 1 0
quebrada_api/pkg/identity/token_manager.go:65.16,67.3 1 0
quebrada_api/internal/app/models/auth.go:13.41,17.2 1 0
quebrada_api/internal/app/models/auth.go:25.48,31.2 1 0
quebrada_api/internal/app/models/auth.go:38.48,43.2 1 0
quebrada_api/internal/app/models/auth.go:54.39,61.2 1 0
quebrada_api/internal/app/models/auth.go:68.43,73.2 1 0
quebrada_api/internal/domain/domain_errors/auth_error.go:5.46,7.2 1 0
quebrada_api/internal/domain/domain_errors/auth_error.go:11.41,13.2 1 0
quebrada_api/internal/domain/domain_errors/auth_error.go:17.39,19.2 1 0
quebrada_api/internal/domain/spec/user_spec.go:4.42,6.2 1 0
quebrada_api/internal/domain/spec/user_spec.go:8.55,10.2 1 1
quebrada_api/internal/domain/spec/user_spec.go:12.49,14.2 1 0
quebrada_api/pkg/logger/logrus.go:7.32,9.2 1 0
quebrada_api/pkg/logger/logrus.go:11.49,13.2 1 0
quebrada_api/pkg/logger/logrus.go:15.31,17.2 1 0
quebrada_api/pkg/logger/logrus.go:19.48,21.2 1 0
quebrada_api/pkg/logger/logrus.go:23.31,25.2 1 0
quebrada_api/pkg/logger/logrus.go:27.48,29.2 1 0
quebrada_api/pkg/logger/logrus.go:31.32,33.2 1 0
quebrada_api/pkg/logger/logrus.go:35.49,37.2 1 0
quebrada_api/ioc/service_provider.go:16.48,18.2 1 0
quebrada_api/migrations/migrate.go:9.33,14.16 3 0
quebrada_api/migrations/migrate.go:19.2,22.40 4 0
quebrada_api/migrations/migrate.go:14.16,16.38 2 0
quebrada_api/internal/app/controllers/controller_base.go:11.72,13.2 1 0
quebrada_api/internal/app/controllers/controller_base.go:15.64,18.43 2 0
quebrada_api/internal/app/controllers/controller_base.go:22.2,23.16 2 0
quebrada_api/internal/app/controllers/controller_base.go:31.2,31.19 1 0
quebrada_api/internal/app/controllers/controller_base.go:18.43,20.3 1 0
quebrada_api/internal/app/controllers/controller_base.go:23.16,29.3 2 0
quebrada_api/internal/domain/spec/specification.go:18.46,21.40 2 1
quebrada_api/internal/domain/spec/specification.go:25.2,25.64 1 1
quebrada_api/internal/domain/spec/specification.go:21.40,23.3 1 1
quebrada_api/internal/domain/spec/specification.go:28.46,31.40 2 1
quebrada_api/internal/domain/spec/specification.go:35.2,35.15 1 1
quebrada_api/internal/domain/spec/specification.go:31.40,33.3 1 1
quebrada_api/internal/domain/spec/specification.go:38.57,43.2 1 1
quebrada_api/internal/domain/spec/specification.go:45.56,50.2 1 0
quebrada_api/internal/domain/spec/specification.go:56.45,58.2 1 0
quebrada_api/internal/domain/spec/specification.go:60.53,64.2 1 0
quebrada_api/internal/domain/spec/specification.go:72.59,74.2 1 1
quebrada_api/internal/domain/spec/specification.go:76.59,78.2 1 1
quebrada_api/internal/domain/spec/specification.go:80.56,86.2 1 1
quebrada_api/internal/domain/spec/specification.go:88.69,94.2 1 0
quebrada_api/internal/domain/spec/specification.go:96.72,102.2 1 0
quebrada_api/internal/domain/spec/specification.go:104.66,110.2 1 0
quebrada_api/internal/domain/spec/specification.go:112.69,118.2 1 0
quebrada_api/internal/domain/spec/specification.go:120.55,126.2 1 0
quebrada_api/internal/domain/spec/specification.go:130.48,132.2 1 0
quebrada_api/internal/domain/spec/specification.go:134.48,136.2 1 0
quebrada_api/internal/domain/spec/specification.go:138.41,140.2 1 0
quebrada_api/internal/config/config.go:36.47,39.40 2 0
quebrada_api/internal/config/config.go:43.2,45.18 2 0
quebrada_api/internal/config/config.go:39.40,41.3 1 0
quebrada_api/internal/config/config.go:48.35,51.2 1 0
quebrada_api/internal/config/config.go:53.30,68.2 6 0
quebrada_api/internal/app/controllers/authentication_controller.go:22.54,27.2 1 0
quebrada_api/internal/app/controllers/authentication_controller.go:41.48,44.16 2 0
quebrada_api/internal/app/controllers/authentication_controller.go:49.2,50.16 2 0
quebrada_api/internal/app/controllers/authentication_controller.go:54.2,55.16 2 0
quebrada_api/internal/app/controllers/authentication_controller.go:60.2,60.65 1 0
quebrada_api/internal/app/controllers/authentication_controller.go:44.16,47.3 2 0
quebrada_api/internal/app/controllers/authentication_controller.go:50.16,52.3 1 0
quebrada_api/internal/app/controllers/authentication_controller.go:55.16,58.3 2 0
quebrada_api/internal/app/controllers/authentication_controller.go:75.48,78.16 2 0
quebrada_api/internal/app/controllers/authentication_controller.go:82.2,82.45 1 0
quebrada_api/internal/app/controllers/authentication_controller.go:94.2,97.16 3 0
quebrada_api/internal/app/controllers/authentication_controller.go:102.2,102.80 1 0
quebrada_api/internal/app/controllers/authentication_controller.go:78.16,80.3 1 0
quebrada_api/internal/app/controllers/authentication_controller.go:82.45,92.3 2 0
quebrada_api/internal/app/controllers/authentication_controller.go:97.16,100.3 2 0
quebrada_api/internal/app/controllers/authentication_controller.go:117.58,120.16 2 0
quebrada_api/internal/app/controllers/authentication_controller.go:124.2,125.16 2 0
quebrada_api/internal/app/controllers/authentication_controller.go:130.2,130.85 1 0
quebrada_api/internal/app/controllers/authentication_controller.go:120.16,122.3 1 0
quebrada_api/internal/app/controllers/authentication_controller.go:125.16,128.3 2 0
quebrada_api/internal/app/controllers/authentication_controller.go:145.55,148.16 2 0
quebrada_api/internal/app/controllers/authentication_controller.go:152.2,153.16 2 0
quebrada_api/internal/app/controllers/authentication_controller.go:158.2,158.30 1 0
quebrada_api/internal/app/controllers/authentication_controller.go:148.16,150.3 1 0
quebrada_api/internal/app/controllers/authentication_controller.go:153.16,156.3 2 0
quebrada_api/internal/app/controllers/authentication_controller.go:173.62,176.16 2 0
quebrada_api/internal/app/controllers/authentication_controller.go:180.2,181.16 2 0
quebrada_api/internal/app/controllers/authentication_controller.go:186.2,186.27 1 0
quebrada_api/internal/app/controllers/authentication_controller.go:176.16,178.3 1 0
quebrada_api/internal/app/controllers/authentication_controller.go:181.16,184.3 2 0
quebrada_api/internal/domain/services/auth_service.go:48.16,55.2 1 0
quebrada_api/internal/domain/services/auth_service.go:57.60,59.25 2 0
quebrada_api/internal/domain/services/auth_service.go:64.2,65.16 2 0
quebrada_api/internal/domain/services/auth_service.go:69.2,75.16 5 0
quebrada_api/internal/domain/services/auth_service.go:80.2,80.12 1 0
quebrada_api/internal/domain/services/auth_service.go:87.2,87.12 1 0
quebrada_api/internal/domain/services/auth_service.go:59.25,62.3 2 0
quebrada_api/internal/domain/services/auth_service.go:65.16,68.3 2 0
quebrada_api/internal/domain/services/auth_service.go:75.16,78.3 2 0
quebrada_api/internal/domain/services/auth_service.go:80.12,82.17 2 0
quebrada_api/internal/domain/services/auth_service.go:82.17,84.4 1 0
quebrada_api/internal/domain/services/auth_service.go:90.60,92.2 1 0
quebrada_api/internal/domain/services/auth_service.go:94.53,96.2 1 0
quebrada_api/internal/domain/services/auth_service.go:98.86,100.16 2 0
quebrada_api/internal/domain/services/auth_service.go:104.2,105.16 2 0
quebrada_api/internal/domain/services/auth_service.go:110.2,110.39 1 0
quebrada_api/internal/domain/services/auth_service.go:114.2,114.18 1 0
quebrada_api/internal/domain/services/auth_service.go:100.16,102.3 1 0
quebrada_api/internal/domain/services/auth_service.go:105.16,108.3 2 0
quebrada_api/internal/domain/services/auth_service.go:110.39,112.3 1 0
quebrada_api/internal/domain/services/auth_service.go:117.72,119.16 2 0
quebrada_api/internal/domain/services/auth_service.go:122.2,122.22 1 0
quebrada_api/internal/domain/services/auth_service.go:119.16,121.3 1 0
quebrada_api/internal/domain/services/auth_service.go:122.22,124.3 1 0
quebrada_api/internal/domain/services/auth_service.go:124.8,126.3 1 0
quebrada_api/internal/domain/services/auth_service.go:129.80,132.16 2 0
quebrada_api/internal/domain/services/auth_service.go:136.2,140.29 3 0
quebrada_api/internal/domain/services/auth_service.go:132.16,134.3 1 0
quebrada_api/internal/domain/services/auth_service.go:143.91,145.16 2 0
quebrada_api/internal/domain/services/auth_service.go:149.2,149.30 1 0
quebrada_api/internal/domain/services/auth_service.go:145.16,147.3 1 0
quebrada_api/internal/domain/services/auth_service.go:149.30,151.17 2 0
quebrada_api/internal/domain/services/auth_service.go:154.3,156.13 3 0
quebrada_api/internal/domain/services/auth_service.go:151.17,153.4 1 0
quebrada_api/internal/domain/services/auth_service.go:157.8,159.3 1 0
quebrada_api/internal/domain/services/auth_service.go:162.80,167.16 5 0
quebrada_api/internal/domain/services/auth_service.go:170.2,170.12 1 0
quebrada_api/internal/domain/services/auth_service.go:167.16,169.3 1 0
quebrada_api/internal/domain/services/auth_service.go:173.69,176.21 3 0
quebrada_api/internal/domain/services/auth_service.go:179.2,179.36 1 0
quebrada_api/internal/domain/services/auth_service.go:183.2,186.17 4 0
quebrada_api/internal/domain/services/auth_service.go:176.21,178.3 1 0
quebrada_api/internal/domain/services/auth_service.go:179.36,181.3 1 0
quebrada_api/internal/domain/services/auth_service.go:206.67,208.16 2 0
quebrada_api/internal/domain/services/auth_service.go:211.2,211.28 1 0
quebrada_api/internal/domain/services/auth_service.go:208.16,210.3 1 0
quebrada_api/internal/domain/spec/specification.go:18.46,21.40 2 1
quebrada_api/internal/domain/spec/specification.go:25.2,25.64 1 1
quebrada_api/internal/domain/spec/specification.go:21.40,23.3 1 1
quebrada_api/internal/domain/spec/specification.go:28.46,31.40 2 1
quebrada_api/internal/domain/spec/specification.go:35.2,35.15 1 1
quebrada_api/internal/domain/spec/specification.go:31.40,33.3 1 1
quebrada_api/internal/domain/spec/specification.go:38.57,43.2 1 1
quebrada_api/internal/domain/spec/specification.go:45.56,50.2 1 0
quebrada_api/internal/domain/spec/specification.go:56.45,58.2 1 0
quebrada_api/internal/domain/spec/specification.go:60.53,64.2 1 0
quebrada_api/internal/domain/spec/specification.go:72.59,74.2 1 1
quebrada_api/internal/domain/spec/specification.go:76.59,78.2 1 1
quebrada_api/internal/domain/spec/specification.go:80.56,86.2 1 1
quebrada_api/internal/domain/spec/specification.go:88.69,94.2 1 0
quebrada_api/internal/domain/spec/specification.go:96.72,102.2 1 0
quebrada_api/internal/domain/spec/specification.go:104.66,110.2 1 0
quebrada_api/internal/domain/spec/specification.go:112.69,118.2 1 0
quebrada_api/internal/domain/spec/specification.go:120.55,126.2 1 0
quebrada_api/internal/domain/spec/specification.go:130.48,132.2 1 0
quebrada_api/internal/domain/spec/specification.go:134.48,136.2 1 0
quebrada_api/internal/domain/spec/specification.go:138.41,140.2 1 0
quebrada_api/internal/config/config.go:36.47,39.40 2 0
quebrada_api/internal/config/config.go:43.2,45.18 2 0
quebrada_api/internal/config/config.go:39.40,41.3 1 0
quebrada_api/internal/config/config.go:48.35,51.2 1 0
quebrada_api/internal/config/config.go:53.30,68.2 6 0
quebrada_api/ioc/controller_provider.go:11.66,13.2 1 0
quebrada_api/internal/mapper/user_mapping.go:8.55,15.2 1 0
quebrada_api/internal/app/controllers/controller_base.go:11.72,13.2 1 0
quebrada_api/internal/app/controllers/controller_base.go:15.64,18.43 2 0
quebrada_api/internal/app/controllers/controller_base.go:22.2,23.16 2 0
quebrada_api/internal/app/controllers/controller_base.go:31.2,31.19 1 0
quebrada_api/internal/app/controllers/controller_base.go:18.43,20.3 1 0
quebrada_api/internal/app/controllers/controller_base.go:23.16,29.3 2 0
quebrada_api/ioc/repository_provider.go:10.85,12.2 1 0
quebrada_api/ioc/service_provider.go:16.48,18.2 1 0
quebrada_api/migrations/migrate.go:9.33,14.16 3 0
quebrada_api/migrations/migrate.go:19.2,22.40 4 0
quebrada_api/migrations/migrate.go:14.16,16.38 2 0
quebrada_api/internal/app/router/router.go:19.45,21.2 2 0
quebrada_api/internal/app/router/router.go:21.2,23.3 1 0
quebrada_api/internal/infrastructure/repositories/generic_repository.go:12.46,18.16 4 1
quebrada_api/internal/infrastructure/repositories/generic_repository.go:22.2,23.29 2 1
quebrada_api/internal/infrastructure/repositories/generic_repository.go:27.2,27.20 1 1
quebrada_api/internal/infrastructure/repositories/generic_repository.go:18.16,20.3 1 0
quebrada_api/internal/infrastructure/repositories/generic_repository.go:23.29,25.3 1 1
quebrada_api/internal/infrastructure/repositories/generic_repository.go:30.59,33.21 3 1
quebrada_api/internal/infrastructure/repositories/generic_repository.go:37.2,37.24 1 1
quebrada_api/internal/infrastructure/repositories/generic_repository.go:33.21,35.3 1 0
quebrada_api/internal/infrastructure/repositories/generic_repository.go:41.47,44.2 2 1
quebrada_api/internal/infrastructure/repositories/generic_repository.go:46.47,47.23 1 0
quebrada_api/internal/infrastructure/repositories/generic_repository.go:50.53,55.2 3 0
quebrada_api/internal/infrastructure/repositories/generic_repository.go:57.77,63.16 3 1
quebrada_api/internal/infrastructure/repositories/generic_repository.go:68.2,69.29 2 1
quebrada_api/internal/infrastructure/repositories/generic_repository.go:73.2,73.20 1 1
quebrada_api/internal/infrastructure/repositories/generic_repository.go:63.16,65.3 1 0
quebrada_api/internal/infrastructure/repositories/generic_repository.go:69.29,71.3 1 1
quebrada_api/pkg/logger/logrus.go:7.32,9.2 1 0
quebrada_api/pkg/logger/logrus.go:11.49,13.2 1 0
quebrada_api/pkg/logger/logrus.go:15.31,17.2 1 0
quebrada_api/pkg/logger/logrus.go:19.48,21.2 1 0
quebrada_api/pkg/logger/logrus.go:23.31,25.2 1 0
quebrada_api/pkg/logger/logrus.go:27.48,29.2 1 0
quebrada_api/pkg/logger/logrus.go:31.32,33.2 1 0
quebrada_api/pkg/logger/logrus.go:35.49,37.2 1 0
quebrada_api/internal/infrastructure/senders/email_sender.go:16.60,20.2 1 0
quebrada_api/internal/infrastructure/senders/email_sender.go:22.103,24.16 2 0
quebrada_api/internal/infrastructure/senders/email_sender.go:30.2,31.44 2 0
quebrada_api/internal/infrastructure/senders/email_sender.go:34.2,35.18 2 0
quebrada_api/internal/infrastructure/senders/email_sender.go:24.16,28.3 2 0
quebrada_api/internal/infrastructure/senders/email_sender.go:31.44,33.3 1 0
quebrada_api/internal/infrastructure/senders/email_sender.go:38.40,40.2 1 0
quebrada_api/internal/infrastructure/senders/email_sender.go:42.98,43.37 1 0
quebrada_api/internal/infrastructure/senders/email_sender.go:47.2,48.16 2 0
quebrada_api/internal/infrastructure/senders/email_sender.go:52.2,59.48 7 0
quebrada_api/internal/infrastructure/senders/email_sender.go:63.2,63.12 1 0
quebrada_api/internal/infrastructure/senders/email_sender.go:43.37,45.3 1 0
quebrada_api/internal/infrastructure/senders/email_sender.go:48.16,50.3 1 0
quebrada_api/internal/infrastructure/senders/email_sender.go:59.48,61.3 1 0
quebrada_api/internal/domain/domain_errors/auth_error.go:5.46,7.2 1 0
quebrada_api/internal/domain/domain_errors/auth_error.go:11.41,13.2 1 0
quebrada_api/internal/domain/domain_errors/auth_error.go:17.39,19.2 1 0
quebrada_api/internal/app/models/auth.go:13.41,17.2 1 0
quebrada_api/internal/app/models/auth.go:25.48,31.2 1 0
quebrada_api/internal/app/models/auth.go:38.48,43.2 1 0
quebrada_api/internal/app/models/auth.go:54.39,61.2 1 0
quebrada_api/internal/app/models/auth.go:68.43,73.2 1 0
quebrada_api/internal/domain/spec/user_spec.go:4.42,6.2 1 0
quebrada_api/internal/domain/spec/user_spec.go:8.55,10.2 1 0
quebrada_api/internal/domain/spec/user_spec.go:12.49,14.2 1 0
quebrada_api/internal/app/controllers/authentication_controller.go:22.54,27.2 1 0
quebrada_api/internal/app/controllers/authentication_controller.go:41.48,44.16 2 0
quebrada_api/internal/app/controllers/authentication_controller.go:49.2,50.16 2 0
quebrada_api/internal/app/controllers/authentication_controller.go:54.2,55.16 2 0
quebrada_api/internal/app/controllers/authentication_controller.go:60.2,60.65 1 0
quebrada_api/internal/app/controllers/authentication_controller.go:44.16,47.3 2 0
quebrada_api/internal/app/controllers/authentication_controller.go:50.16,52.3 1 0
quebrada_api/internal/app/controllers/authentication_controller.go:55.16,58.3 2 0
quebrada_api/internal/app/controllers/authentication_controller.go:75.48,78.16 2 0
quebrada_api/internal/app/controllers/authentication_controller.go:82.2,82.45 1 0
quebrada_api/internal/app/controllers/authentication_controller.go:94.2,97.16 3 0
quebrada_api/internal/app/controllers/authentication_controller.go:102.2,102.80 1 0
quebrada_api/internal/app/controllers/authentication_controller.go:78.16,80.3 1 0
quebrada_api/internal/app/controllers/authentication_controller.go:82.45,92.3 2 0
quebrada_api/internal/app/controllers/authentication_controller.go:97.16,100.3 2 0
quebrada_api/internal/app/controllers/authentication_controller.go:117.58,120.16 2 0
quebrada_api/internal/app/controllers/authentication_controller.go:124.2,125.16 2 0
quebrada_api/internal/app/controllers/authentication_controller.go:130.2,130.85 1 0
quebrada_api/internal/app/controllers/authentication_controller.go:120.16,122.3 1 0
quebrada_api/internal/app/controllers/authentication_controller.go:125.16,128.3 2 0
quebrada_api/internal/app/controllers/authentication_controller.go:145.55,148.16 2 0
quebrada_api/internal/app/controllers/authentication_controller.go:152.2,153.16 2 0
quebrada_api/internal/app/controllers/authentication_controller.go:158.2,158.30 1 0
quebrada_api/internal/app/controllers/authentication_controller.go:148.16,150.3 1 0
quebrada_api/internal/app/controllers/authentication_controller.go:153.16,156.3 2 0
quebrada_api/internal/app/controllers/authentication_controller.go:173.62,176.16 2 0
quebrada_api/internal/app/controllers/authentication_controller.go:180.2,181.16 2 0
quebrada_api/internal/app/controllers/authentication_controller.go:186.2,186.27 1 0
quebrada_api/internal/app/controllers/authentication_controller.go:176.16,178.3 1 0
quebrada_api/internal/app/controllers/authentication_controller.go:181.16,184.3 2 0
quebrada_api/pkg/identity/token_manager.go:24.66,29.2 1 0
quebrada_api/pkg/identity/token_manager.go:31.73,34.34 2 0
quebrada_api/pkg/identity/token_manager.go:38.2,50.16 3 0
quebrada_api/pkg/identity/token_manager.go:54.2,54.19 1 0
quebrada_api/pkg/identity/token_manager.go:34.34,36.3 1 0
quebrada_api/pkg/identity/token_manager.go:50.16,52.3 1 0
quebrada_api/pkg/identity/token_manager.go:57.73,59.96 2 0
quebrada_api/pkg/identity/token_manager.go:62.2,62.16 1 0
quebrada_api/pkg/identity/token_manager.go:65.2,65.16 1 0
quebrada_api/pkg/identity/token_manager.go:68.2,68.21 1 0
quebrada_api/pkg/identity/token_manager.go:59.96,61.3 1 0
quebrada_api/pkg/identity/token_manager.go:62.16,64.3 1 0
quebrada_api/pkg/identity/token_manager.go:65.16,67.3 1 0
quebrada_api/internal/app/router/authentication_routes.go:7.55,9.2 2 0
quebrada_api/internal/app/router/authentication_routes.go:9.2,15.3 5 0
quebrada_api/ioc/infrastructure_provider.go:9.64,11.2 1 0
quebrada_api/ioc/infrastructure_provider.go:13.73,15.2 1 0
quebrada_api/pkg/identity/password_hasher.go:18.53,20.2 1 0
quebrada_api/pkg/identity/password_hasher.go:22.72,24.56 2 0
quebrada_api/pkg/identity/password_hasher.go:28.2,28.57 1 0
quebrada_api/pkg/identity/password_hasher.go:24.56,26.3 1 0
quebrada_api/pkg/identity/password_hasher.go:31.85,33.16 2 0
quebrada_api/pkg/identity/password_hasher.go:36.2,36.28 1 0
quebrada_api/pkg/identity/password_hasher.go:39.2,39.12 1 0
quebrada_api/pkg/identity/password_hasher.go:33.16,35.3 1 0
quebrada_api/pkg/identity/password_hasher.go:36.28,38.3 1 0
quebrada_api/internal/domain/spec/specification.go:18.46,21.40 2 1
quebrada_api/internal/domain/spec/specification.go:25.2,25.64 1 1
quebrada_api/internal/domain/spec/specification.go:21.40,23.3 1 1
quebrada_api/internal/domain/spec/specification.go:28.46,31.40 2 1
quebrada_api/internal/domain/spec/specification.go:35.2,35.15 1 1
quebrada_api/internal/domain/spec/specification.go:31.40,33.3 1 1
quebrada_api/internal/domain/spec/specification.go:38.57,43.2 1 1
quebrada_api/internal/domain/spec/specification.go:45.56,50.2 1 0
quebrada_api/internal/domain/spec/specification.go:56.45,58.2 1 0
quebrada_api/internal/domain/spec/specification.go:60.53,64.2 1 0
quebrada_api/internal/domain/spec/specification.go:72.59,74.2 1 1
quebrada_api/internal/domain/spec/specification.go:76.59,78.2 1 1
quebrada_api/internal/domain/spec/specification.go:80.56,86.2 1 1
quebrada_api/internal/domain/spec/specification.go:88.69,94.2 1 0
quebrada_api/internal/domain/spec/specification.go:96.72,102.2 1 0
quebrada_api/internal/domain/spec/specification.go:104.66,110.2 1 0
quebrada_api/internal/domain/spec/specification.go:112.69,118.2 1 0
quebrada_api/internal/domain/spec/specification.go:120.55,126.2 1 0
quebrada_api/internal/domain/spec/specification.go:130.48,132.2 1 0
quebrada_api/internal/domain/spec/specification.go:134.48,136.2 1 0
quebrada_api/internal/domain/spec/specification.go:138.41,140.2 1 0
quebrada_api/internal/infrastructure/senders/email_sender.go:16.60,20.2 1 1
quebrada_api/internal/infrastructure/senders/email_sender.go:22.103,24.16 2 1
quebrada_api/internal/infrastructure/senders/email_sender.go:30.2,31.44 2 0
quebrada_api/internal/infrastructure/senders/email_sender.go:34.2,35.18 2 0
quebrada_api/internal/infrastructure/senders/email_sender.go:24.16,28.3 2 1
quebrada_api/internal/infrastructure/senders/email_sender.go:31.44,33.3 1 0
quebrada_api/internal/infrastructure/senders/email_sender.go:38.40,40.2 1 1
quebrada_api/internal/infrastructure/senders/email_sender.go:42.98,43.37 1 1
quebrada_api/internal/infrastructure/senders/email_sender.go:47.2,48.16 2 1
quebrada_api/internal/infrastructure/senders/email_sender.go:52.2,59.48 7 0
quebrada_api/internal/infrastructure/senders/email_sender.go:63.2,63.12 1 0
quebrada_api/internal/infrastructure/senders/email_sender.go:43.37,45.3 1 0
quebrada_api/internal/infrastructure/senders/email_sender.go:48.16,50.3 1 1
quebrada_api/internal/infrastructure/senders/email_sender.go:59.48,61.3 1 0
quebrada_api/ioc/infrastructure_provider.go:9.64,11.2 1 1
quebrada_api/ioc/infrastructure_provider.go:13.73,15.2 1 1
quebrada_api/internal/app/controllers/controller_base.go:11.72,13.2 1 0
quebrada_api/internal/app/controllers/controller_base.go:15.64,18.43 2 1
quebrada_api/internal/app/controllers/controller_base.go:22.2,23.16 2 1
quebrada_api/internal/app/controllers/controller_base.go:31.2,31.19 1 1
quebrada_api/internal/app/controllers/controller_base.go:18.43,20.3 1 0
quebrada_api/internal/app/controllers/controller_base.go:23.16,29.3 2 1
quebrada_api/internal/infrastructure/repositories/generic_repository.go:12.46,18.16 4 0
quebrada_api/internal/infrastructure/repositories/generic_repository.go:22.2,23.29 2 0
quebrada_api/internal/infrastructure/repositories/generic_repository.go:27.2,27.20 1 0
quebrada_api/internal/infrastructure/repositories/generic_repository.go:18.16,20.3 1 0
quebrada_api/internal/infrastructure/repositories/generic_repository.go:23.29,25.3 1 0
quebrada_api/internal/infrastructure/repositories/generic_repository.go:30.59,33.21 3 0
quebrada_api/internal/infrastructure/repositories/generic_repository.go:37.2,37.24 1 0
quebrada_api/internal/infrastructure/repositories/generic_repository.go:33.21,35.3 1 0
quebrada_api/internal/infrastructure/repositories/generic_repository.go:41.47,44.2 2 1
quebrada_api/internal/infrastructure/repositories/generic_repository.go:46.47,47.23 1 0
quebrada_api/internal/infrastructure/repositories/generic_repository.go:50.53,55.2 3 0
quebrada_api/internal/infrastructure/repositories/generic_repository.go:57.77,63.16 3 1
quebrada_api/internal/infrastructure/repositories/generic_repository.go:68.2,69.29 2 1
quebrada_api/internal/infrastructure/repositories/generic_repository.go:73.2,73.20 1 1
quebrada_api/internal/infrastructure/repositories/generic_repository.go:63.16,65.3 1 0
quebrada_api/internal/infrastructure/repositories/generic_repository.go:69.29,71.3 1 0
quebrada_api/migrations/migrate.go:9.33,14.16 3 1
quebrada_api/migrations/migrate.go:19.2,22.40 4 1
quebrada_api/migrations/migrate.go:14.16,16.38 2 0
quebrada_api/internal/app/models/auth.go:13.41,17.2 1 0
quebrada_api/internal/app/models/auth.go:25.48,31.2 1 0
quebrada_api/internal/app/models/auth.go:38.48,43.2 1 0
quebrada_api/internal/app/models/auth.go:54.39,61.2 1 1
quebrada_api/internal/app/models/auth.go:68.43,73.2 1 0
quebrada_api/internal/domain/spec/user_spec.go:4.42,6.2 1 0
quebrada_api/internal/domain/spec/user_spec.go:8.55,10.2 1 1
quebrada_api/internal/domain/spec/user_spec.go:12.49,14.2 1 0
quebrada_api/internal/config/config.go:36.47,39.40 2 0
quebrada_api/internal/config/config.go:43.2,45.18 2 0
quebrada_api/internal/config/config.go:39.40,41.3 1 0
quebrada_api/internal/config/config.go:48.35,51.2 1 0
quebrada_api/internal/config/config.go:53.30,68.2 6 0
quebrada_api/ioc/controller_provider.go:11.66,13.2 1 1
quebrada_api/internal/app/controllers/authentication_controller.go:22.54,27.2 1 1
quebrada_api/internal/app/controllers/authentication_controller.go:41.48,44.16 2 0
quebrada_api/internal/app/controllers/authentication_controller.go:49.2,50.16 2 0
quebrada_api/internal/app/controllers/authentication_controller.go:54.2,55.16 2 0
quebrada_api/internal/app/controllers/authentication_controller.go:60.2,60.65 1 0
quebrada_api/internal/app/controllers/authentication_controller.go:44.16,47.3 2 0
quebrada_api/internal/app/controllers/authentication_controller.go:50.16,52.3 1 0
quebrada_api/internal/app/controllers/authentication_controller.go:55.16,58.3 2 0
quebrada_api/internal/app/controllers/authentication_controller.go:75.48,78.16 2 1
quebrada_api/internal/app/controllers/authentication_controller.go:82.2,82.45 1 1
quebrada_api/internal/app/controllers/authentication_controller.go:94.2,97.16 3 1
quebrada_api/internal/app/controllers/authentication_controller.go:102.2,102.80 1 1
quebrada_api/internal/app/controllers/authentication_controller.go:78.16,80.3 1 1
quebrada_api/internal/app/controllers/authentication_controller.go:82.45,92.3 2 1
quebrada_api/internal/app/controllers/authentication_controller.go:97.16,100.3 2 0
quebrada_api/internal/app/controllers/authentication_controller.go:117.58,120.16 2 0
quebrada_api/internal/app/controllers/authentication_controller.go:124.2,125.16 2 0
quebrada_api/internal/app/controllers/authentication_controller.go:130.2,130.85 1 0
quebrada_api/internal/app/controllers/authentication_controller.go:120.16,122.3 1 0
quebrada_api/internal/app/controllers/authentication_controller.go:125.16,128.3 2 0
quebrada_api/internal/app/controllers/authentication_controller.go:145.55,148.16 2 0
quebrada_api/internal/app/controllers/authentication_controller.go:152.2,153.16 2 0
quebrada_api/internal/app/controllers/authentication_controller.go:158.2,158.30 1 0
quebrada_api/internal/app/controllers/authentication_controller.go:148.16,150.3 1 0
quebrada_api/internal/app/controllers/authentication_controller.go:153.16,156.3 2 0
quebrada_api/internal/app/controllers/authentication_controller.go:173.62,176.16 2 0
quebrada_api/internal/app/controllers/authentication_controller.go:180.2,181.16 2 0
quebrada_api/internal/app/controllers/authentication_controller.go:186.2,186.27 1 0
quebrada_api/internal/app/controllers/authentication_controller.go:176.16,178.3 1 0
quebrada_api/internal/app/controllers/authentication_controller.go:181.16,184.3 2 0
quebrada_api/internal/app/router/authentication_routes.go:7.55,9.2 2 1
quebrada_api/internal/app/router/authentication_routes.go:9.2,15.3 5 1
quebrada_api/internal/domain/domain_errors/auth_error.go:5.46,7.2 1 0
quebrada_api/internal/domain/domain_errors/auth_error.go:11.41,13.2 1 0
quebrada_api/internal/domain/domain_errors/auth_error.go:17.39,19.2 1 0
quebrada_api/pkg/logger/logrus.go:7.32,9.2 1 0
quebrada_api/pkg/logger/logrus.go:11.49,13.2 1 0
quebrada_api/pkg/logger/logrus.go:15.31,17.2 1 1
quebrada_api/pkg/logger/logrus.go:19.48,21.2 1 0
quebrada_api/pkg/logger/logrus.go:23.31,25.2 1 0
quebrada_api/pkg/logger/logrus.go:27.48,29.2 1 0
quebrada_api/pkg/logger/logrus.go:31.32,33.2 1 1
quebrada_api/pkg/logger/logrus.go:35.49,37.2 1 1
quebrada_api/internal/app/router/router.go:19.45,21.2 2 1
quebrada_api/internal/app/router/router.go:21.2,23.3 1 1
quebrada_api/ioc/service_provider.go:16.48,18.2 1 1
quebrada_api/pkg/identity/password_hasher.go:18.53,20.2 1 1
quebrada_api/pkg/identity/password_hasher.go:22.72,24.56 2 1
quebrada_api/pkg/identity/password_hasher.go:28.2,28.57 1 1
quebrada_api/pkg/identity/password_hasher.go:24.56,26.3 1 0
quebrada_api/pkg/identity/password_hasher.go:31.85,33.16 2 0
quebrada_api/pkg/identity/password_hasher.go:36.2,36.28 1 0
quebrada_api/pkg/identity/password_hasher.go:39.2,39.12 1 0
quebrada_api/pkg/identity/password_hasher.go:33.16,35.3 1 0
quebrada_api/pkg/identity/password_hasher.go:36.28,38.3 1 0
quebrada_api/pkg/identity/token_manager.go:24.66,29.2 1 0
quebrada_api/pkg/identity/token_manager.go:31.73,34.34 2 0
quebrada_api/pkg/identity/token_manager.go:38.2,50.16 3 0
quebrada_api/pkg/identity/token_manager.go:54.2,54.19 1 0
quebrada_api/pkg/identity/token_manager.go:34.34,36.3 1 0
quebrada_api/pkg/identity/token_manager.go:50.16,52.3 1 0
quebrada_api/pkg/identity/token_manager.go:57.73,59.96 2 0
quebrada_api/pkg/identity/token_manager.go:62.2,62.16 1 0
quebrada_api/pkg/identity/token_manager.go:65.2,65.16 1 0
quebrada_api/pkg/identity/token_manager.go:68.2,68.21 1 0
quebrada_api/pkg/identity/token_manager.go:59.96,61.3 1 0
quebrada_api/pkg/identity/token_manager.go:62.16,64.3 1 0
quebrada_api/pkg/identity/token_manager.go:65.16,67.3 1 0
quebrada_api/internal/domain/services/auth_service.go:48.16,55.2 1 1
quebrada_api/internal/domain/services/auth_service.go:57.60,59.25 2 1
quebrada_api/internal/domain/services/auth_service.go:64.2,65.16 2 1
quebrada_api/internal/domain/services/auth_service.go:69.2,75.16 5 1
quebrada_api/internal/domain/services/auth_service.go:80.2,80.12 1 1
quebrada_api/internal/domain/services/auth_service.go:87.2,87.12 1 1
quebrada_api/internal/domain/services/auth_service.go:59.25,62.3 2 0
quebrada_api/internal/domain/services/auth_service.go:65.16,68.3 2 0
quebrada_api/internal/domain/services/auth_service.go:75.16,78.3 2 0
quebrada_api/internal/domain/services/auth_service.go:80.12,82.17 2 1
quebrada_api/internal/domain/services/auth_service.go:82.17,84.4 1 1
quebrada_api/internal/domain/services/auth_service.go:90.60,92.2 1 0
quebrada_api/internal/domain/services/auth_service.go:94.53,96.2 1 0
quebrada_api/internal/domain/services/auth_service.go:98.86,100.16 2 0
quebrada_api/internal/domain/services/auth_service.go:104.2,105.16 2 0
quebrada_api/internal/domain/services/auth_service.go:110.2,110.39 1 0
quebrada_api/internal/domain/services/auth_service.go:114.2,114.18 1 0
quebrada_api/internal/domain/services/auth_service.go:100.16,102.3 1 0
quebrada_api/internal/domain/services/auth_service.go:105.16,108.3 2 0
quebrada_api/internal/domain/services/auth_service.go:110.39,112.3 1 0
quebrada_api/internal/domain/services/auth_service.go:117.72,119.16 2 0
quebrada_api/internal/domain/services/auth_service.go:122.2,122.22 1 0
quebrada_api/internal/domain/services/auth_service.go:119.16,121.3 1 0
quebrada_api/internal/domain/services/auth_service.go:122.22,124.3 1 0
quebrada_api/internal/domain/services/auth_service.go:124.8,126.3 1 0
quebrada_api/internal/domain/services/auth_service.go:129.80,132.16 2 0
quebrada_api/internal/domain/services/auth_service.go:136.2,140.29 3 0
quebrada_api/internal/domain/services/auth_service.go:132.16,134.3 1 0
quebrada_api/internal/domain/services/auth_service.go:143.91,145.16 2 0
quebrada_api/internal/domain/services/auth_service.go:149.2,149.30 1 0
quebrada_api/internal/domain/services/auth_service.go:145.16,147.3 1 0
quebrada_api/internal/domain/services/auth_service.go:149.30,151.17 2 0
quebrada_api/internal/domain/services/auth_service.go:154.3,156.13 3 0
quebrada_api/internal/domain/services/auth_service.go:151.17,153.4 1 0
quebrada_api/internal/domain/services/auth_service.go:157.8,159.3 1 0
quebrada_api/internal/domain/services/auth_service.go:162.80,167.16 5 1
quebrada_api/internal/domain/services/auth_service.go:170.2,170.12 1 1
quebrada_api/internal/domain/services/auth_service.go:167.16,169.3 1 1
quebrada_api/internal/domain/services/auth_service.go:173.69,176.21 3 0
quebrada_api/internal/domain/services/auth_service.go:179.2,179.36 1 0
quebrada_api/internal/domain/services/auth_service.go:183.2,186.17 4 0
quebrada_api/internal/domain/services/auth_service.go:176.21,178.3 1 0
quebrada_api/internal/domain/services/auth_service.go:179.36,181.3 1 0
quebrada_api/internal/domain/services/auth_service.go:206.67,208.16 2 1
quebrada_api/internal/domain/services/auth_service.go:211.2,211.28 1 1
quebrada_api/internal/domain/services/auth_service.go:208.16,210.3 1 0
quebrada_api/internal/mapper/user_mapping.go:8.55,15.2 1 1
quebrada_api/ioc/repository_provider.go:10.85,12.2 1 1
